Configuring doctemplates-0.2.2.1...
Preprocessing library for doctemplates-0.2.2.1..
Building library for doctemplates-0.2.2.1..
[1 of 1] Compiling Text.DocTemplates ( src/Text/DocTemplates.hs, .stack-work/dist/x86_64-osx/Cabal-2.2.0.1/build/Text/DocTemplates.o )

[;1msrc/Text/DocTemplates.hs:86:1: [;1m[35mwarning:[0m[0m[;1m [[;1m[35m-Wunused-imports[0m[0m[;1m][0m[0m[;1m
    The import of ‘Data.Monoid’ is redundant
      except perhaps to import instances from ‘Data.Monoid’
    To import instances alone, use: import Data.Monoid()[0m[0m
[;1m[34m   |[0m[0m
[;1m[34m86 |[0m[0m [;1m[35mimport Data.Monoid[0m[0m
[;1m[34m   |[0m[0m[;1m[35m ^^^^^^^^^^^^^^^^^^[0m[0m
[0m[0m[0mignoring (possibly broken) abi-depends field for packages
Preprocessing library for doctemplates-0.2.2.1..
Running Haddock on library for doctemplates-0.2.2.1..

src/Text/DocTemplates.hs:86:1: warning: [-Wunused-imports]
    The import of ‘Data.Monoid’ is redundant
      except perhaps to import instances from ‘Data.Monoid’
    To import instances alone, use: import Data.Monoid()
   |
86 | import Data.Monoid
   | ^^^^^^^^^^^^^^^^^^
Haddock coverage:
  86% (  6 /  7) in 'Text.DocTemplates'
  Missing documentation for:
    TemplateTarget (src/Text/DocTemplates.hs:109)
Documentation created:
.stack-work/dist/x86_64-osx/Cabal-2.2.0.1/doc/html/doctemplates/index.html,
.stack-work/dist/x86_64-osx/Cabal-2.2.0.1/doc/html/doctemplates/doctemplates.txt
Installing library in /Users/harry/.stack/snapshots/x86_64-osx/lts-12.2/8.4.3/lib/x86_64-osx-ghc-8.4.3/doctemplates-0.2.2.1-FrcbGDsMQWdCK0zltMv0Vf
Registering library for doctemplates-0.2.2.1..
