Configuring hfsevents-0.1.6...
Preprocessing library for hfsevents-0.1.6..
Building library for hfsevents-0.1.6..
[1 of 1] Compiling System.OSX.FSEvents ( System/OSX/FSEvents.hs, .stack-work/dist/x86_64-osx/Cabal-2.2.0.1/build/System/OSX/FSEvents.o )

[;1mcbits/c_fsevents.m:106:4: [;1m[31merror:[0m[0m[;1m[0m[0m[;1m
     warning: 'Gestalt' is deprecated: first deprecated in macOS 10.8 [-Wdeprecated-declarations]
       Gestalt(gestaltSystemVersionMajor, majorVersion);
       ^[0m[0m
[;1m[34m    |[0m[0m
[;1m[34m106 |[0m[0m    [;1m[31mG[0m[0mestalt(gestaltSystemVersionMajor, majorVersion);
[;1m[34m    |[0m[0m[;1m[31m    ^[0m[0m
[0m[0m[0m
[;1m/System/Library/Frameworks/CoreServices.framework/Frameworks/CarbonCore.framework/Headers/Gestalt.h:123:1: [;1m[31merror:[0m[0m[;1m[0m[0m[;1m
     note: 'Gestalt' has been explicitly marked deprecated here[0m[0m
[;1m[34m    |[0m[0m
[;1m[34m123 |[0m[0m [;1m[31mG[0m[0mestalt(
[;1m[34m    |[0m[0m[;1m[31m ^[0m[0m
[0m[0m[0mGestalt(
^

[;1mcbits/c_fsevents.m:106:12: [;1m[31merror:[0m[0m[;1m[0m[0m[;1m
     warning: 'gestaltSystemVersionMajor' is deprecated: first deprecated in macOS 10.8 - Use NSProcessInfo's operatingSystemVersion property instead. [-Wdeprecated-declarations]
       Gestalt(gestaltSystemVersionMajor, majorVersion);
               ^[0m[0m
[;1m[34m    |[0m[0m
[;1m[34m106 |[0m[0m    Gestalt([;1m[31mg[0m[0mestaltSystemVersionMajor, majorVersion);
[;1m[34m    |[0m[0m[;1m[31m            ^[0m[0m
[0m[0m[0m
[;1m/System/Library/Frameworks/CoreServices.framework/Frameworks/CarbonCore.framework/Headers/Gestalt.h:2075:1: [;1m[31merror:[0m[0m[;1m[0m[0m[;1m
     note: '' has been explicitly marked deprecated here[0m[0m
[;1m[34m     |[0m[0m
[;1m[34m2075 |[0m[0m [;1m[31me[0m[0mnum {
[;1m[34m     |[0m[0m[;1m[31m ^[0m[0m
[0m[0m[0menum {
^

[;1mcbits/c_fsevents.m:107:4: [;1m[31merror:[0m[0m[;1m[0m[0m[;1m
     warning: 'Gestalt' is deprecated: first deprecated in macOS 10.8 [-Wdeprecated-declarations]
       Gestalt(gestaltSystemVersionMinor, minorVersion);
       ^[0m[0m
[;1m[34m    |[0m[0m
[;1m[34m107 |[0m[0m    [;1m[31mG[0m[0mestalt(gestaltSystemVersionMinor, minorVersion);
[;1m[34m    |[0m[0m[;1m[31m    ^[0m[0m
[0m[0m[0m
[;1m/System/Library/Frameworks/CoreServices.framework/Frameworks/CarbonCore.framework/Headers/Gestalt.h:123:1: [;1m[31merror:[0m[0m[;1m[0m[0m[;1m
     note: 'Gestalt' has been explicitly marked deprecated here[0m[0m
[;1m[34m    |[0m[0m
[;1m[34m123 |[0m[0m [;1m[31mG[0m[0mestalt(
[;1m[34m    |[0m[0m[;1m[31m ^[0m[0m
[0m[0m[0mGestalt(
^

[;1mcbits/c_fsevents.m:107:12: [;1m[31merror:[0m[0m[;1m[0m[0m[;1m
     warning: 'gestaltSystemVersionMinor' is deprecated: first deprecated in macOS 10.8 - Use NSProcessInfo's operatingSystemVersion property instead. [-Wdeprecated-declarations]
       Gestalt(gestaltSystemVersionMinor, minorVersion);
               ^[0m[0m
[;1m[34m    |[0m[0m
[;1m[34m107 |[0m[0m    Gestalt([;1m[31mg[0m[0mestaltSystemVersionMinor, minorVersion);
[;1m[34m    |[0m[0m[;1m[31m            ^[0m[0m
[0m[0m[0m
[;1m/System/Library/Frameworks/CoreServices.framework/Frameworks/CarbonCore.framework/Headers/Gestalt.h:2075:1: [;1m[31merror:[0m[0m[;1m[0m[0m[;1m
     note: '' has been explicitly marked deprecated here[0m[0m
[;1m[34m     |[0m[0m
[;1m[34m2075 |[0m[0m [;1m[31me[0m[0mnum {
[;1m[34m     |[0m[0m[;1m[31m ^[0m[0m
[0m[0m[0menum {
^

[;1mcbits/c_fsevents.m:108:4: [;1m[31merror:[0m[0m[;1m[0m[0m[;1m
     warning: 'Gestalt' is deprecated: first deprecated in macOS 10.8 [-Wdeprecated-declarations]
       Gestalt(gestaltSystemVersionBugFix, bugFixVersion);
       ^[0m[0m
[;1m[34m    |[0m[0m
[;1m[34m108 |[0m[0m    [;1m[31mG[0m[0mestalt(gestaltSystemVersionBugFix, bugFixVersion);
[;1m[34m    |[0m[0m[;1m[31m    ^[0m[0m
[0m[0m[0m
[;1m/System/Library/Frameworks/CoreServices.framework/Frameworks/CarbonCore.framework/Headers/Gestalt.h:123:1: [;1m[31merror:[0m[0m[;1m[0m[0m[;1m
     note: 'Gestalt' has been explicitly marked deprecated here[0m[0m
[;1m[34m    |[0m[0m
[;1m[34m123 |[0m[0m [;1m[31mG[0m[0mestalt(
[;1m[34m    |[0m[0m[;1m[31m ^[0m[0m
[0m[0m[0mGestalt(
^

[;1mcbits/c_fsevents.m:108:12: [;1m[31merror:[0m[0m[;1m[0m[0m[;1m
     warning: 'gestaltSystemVersionBugFix' is deprecated: first deprecated in macOS 10.8 - Use NSProcessInfo's operatingSystemVersion property instead. [-Wdeprecated-declarations]
       Gestalt(gestaltSystemVersionBugFix, bugFixVersion);
               ^[0m[0m
[;1m[34m    |[0m[0m
[;1m[34m108 |[0m[0m    Gestalt([;1m[31mg[0m[0mestaltSystemVersionBugFix, bugFixVersion);
[;1m[34m    |[0m[0m[;1m[31m            ^[0m[0m
[0m[0m[0m
[;1m/System/Library/Frameworks/CoreServices.framework/Frameworks/CarbonCore.framework/Headers/Gestalt.h:2075:1: [;1m[31merror:[0m[0m[;1m[0m[0m[;1m
     note: '' has been explicitly marked deprecated here[0m[0m
[;1m[34m     |[0m[0m
[;1m[34m2075 |[0m[0m [;1m[31me[0m[0mnum {
[;1m[34m     |[0m[0m[;1m[31m ^[0m[0m
[0m[0m[0menum {
^
6 warnings generated.

[;1mcbits/c_fsevents.m:106:4: [;1m[31merror:[0m[0m[;1m[0m[0m[;1m
     warning: 'Gestalt' is deprecated: first deprecated in macOS 10.8 [-Wdeprecated-declarations]
       Gestalt(gestaltSystemVersionMajor, majorVersion);
       ^[0m[0m
[;1m[34m    |[0m[0m
[;1m[34m106 |[0m[0m    [;1m[31mG[0m[0mestalt(gestaltSystemVersionMajor, majorVersion);
[;1m[34m    |[0m[0m[;1m[31m    ^[0m[0m
[0m[0m[0m
[;1m/System/Library/Frameworks/CoreServices.framework/Frameworks/CarbonCore.framework/Headers/Gestalt.h:123:1: [;1m[31merror:[0m[0m[;1m[0m[0m[;1m
     note: 'Gestalt' has been explicitly marked deprecated here[0m[0m
[;1m[34m    |[0m[0m
[;1m[34m123 |[0m[0m [;1m[31mG[0m[0mestalt(
[;1m[34m    |[0m[0m[;1m[31m ^[0m[0m
[0m[0m[0mGestalt(
^

[;1mcbits/c_fsevents.m:106:12: [;1m[31merror:[0m[0m[;1m[0m[0m[;1m
     warning: 'gestaltSystemVersionMajor' is deprecated: first deprecated in macOS 10.8 - Use NSProcessInfo's operatingSystemVersion property instead. [-Wdeprecated-declarations]
       Gestalt(gestaltSystemVersionMajor, majorVersion);
               ^[0m[0m
[;1m[34m    |[0m[0m
[;1m[34m106 |[0m[0m    Gestalt([;1m[31mg[0m[0mestaltSystemVersionMajor, majorVersion);
[;1m[34m    |[0m[0m[;1m[31m            ^[0m[0m
[0m[0m[0m
[;1m/System/Library/Frameworks/CoreServices.framework/Frameworks/CarbonCore.framework/Headers/Gestalt.h:2075:1: [;1m[31merror:[0m[0m[;1m[0m[0m[;1m
     note: '' has been explicitly marked deprecated here[0m[0m
[;1m[34m     |[0m[0m
[;1m[34m2075 |[0m[0m [;1m[31me[0m[0mnum {
[;1m[34m     |[0m[0m[;1m[31m ^[0m[0m
[0m[0m[0menum {
^

[;1mcbits/c_fsevents.m:107:4: [;1m[31merror:[0m[0m[;1m[0m[0m[;1m
     warning: 'Gestalt' is deprecated: first deprecated in macOS 10.8 [-Wdeprecated-declarations]
       Gestalt(gestaltSystemVersionMinor, minorVersion);
       ^[0m[0m
[;1m[34m    |[0m[0m
[;1m[34m107 |[0m[0m    [;1m[31mG[0m[0mestalt(gestaltSystemVersionMinor, minorVersion);
[;1m[34m    |[0m[0m[;1m[31m    ^[0m[0m
[0m[0m[0m
[;1m/System/Library/Frameworks/CoreServices.framework/Frameworks/CarbonCore.framework/Headers/Gestalt.h:123:1: [;1m[31merror:[0m[0m[;1m[0m[0m[;1m
     note: 'Gestalt' has been explicitly marked deprecated here[0m[0m
[;1m[34m    |[0m[0m
[;1m[34m123 |[0m[0m [;1m[31mG[0m[0mestalt(
[;1m[34m    |[0m[0m[;1m[31m ^[0m[0m
[0m[0m[0mGestalt(
^

[;1mcbits/c_fsevents.m:107:12: [;1m[31merror:[0m[0m[;1m[0m[0m[;1m
     warning: 'gestaltSystemVersionMinor' is deprecated: first deprecated in macOS 10.8 - Use NSProcessInfo's operatingSystemVersion property instead. [-Wdeprecated-declarations]
       Gestalt(gestaltSystemVersionMinor, minorVersion);
               ^[0m[0m
[;1m[34m    |[0m[0m
[;1m[34m107 |[0m[0m    Gestalt([;1m[31mg[0m[0mestaltSystemVersionMinor, minorVersion);
[;1m[34m    |[0m[0m[;1m[31m            ^[0m[0m
[0m[0m[0m
[;1m/System/Library/Frameworks/CoreServices.framework/Frameworks/CarbonCore.framework/Headers/Gestalt.h:2075:1: [;1m[31merror:[0m[0m[;1m[0m[0m[;1m
     note: '' has been explicitly marked deprecated here[0m[0m
[;1m[34m     |[0m[0m
[;1m[34m2075 |[0m[0m [;1m[31me[0m[0mnum {
[;1m[34m     |[0m[0m[;1m[31m ^[0m[0m
[0m[0m[0menum {
^

[;1mcbits/c_fsevents.m:108:4: [;1m[31merror:[0m[0m[;1m[0m[0m[;1m
     warning: 'Gestalt' is deprecated: first deprecated in macOS 10.8 [-Wdeprecated-declarations]
       Gestalt(gestaltSystemVersionBugFix, bugFixVersion);
       ^[0m[0m
[;1m[34m    |[0m[0m
[;1m[34m108 |[0m[0m    [;1m[31mG[0m[0mestalt(gestaltSystemVersionBugFix, bugFixVersion);
[;1m[34m    |[0m[0m[;1m[31m    ^[0m[0m
[0m[0m[0m
[;1m/System/Library/Frameworks/CoreServices.framework/Frameworks/CarbonCore.framework/Headers/Gestalt.h:123:1: [;1m[31merror:[0m[0m[;1m[0m[0m[;1m
     note: 'Gestalt' has been explicitly marked deprecated here[0m[0m
[;1m[34m    |[0m[0m
[;1m[34m123 |[0m[0m [;1m[31mG[0m[0mestalt(
[;1m[34m    |[0m[0m[;1m[31m ^[0m[0m
[0m[0m[0mGestalt(
^

[;1mcbits/c_fsevents.m:108:12: [;1m[31merror:[0m[0m[;1m[0m[0m[;1m
     warning: 'gestaltSystemVersionBugFix' is deprecated: first deprecated in macOS 10.8 - Use NSProcessInfo's operatingSystemVersion property instead. [-Wdeprecated-declarations]
       Gestalt(gestaltSystemVersionBugFix, bugFixVersion);
               ^[0m[0m
[;1m[34m    |[0m[0m
[;1m[34m108 |[0m[0m    Gestalt([;1m[31mg[0m[0mestaltSystemVersionBugFix, bugFixVersion);
[;1m[34m    |[0m[0m[;1m[31m            ^[0m[0m
[0m[0m[0m
[;1m/System/Library/Frameworks/CoreServices.framework/Frameworks/CarbonCore.framework/Headers/Gestalt.h:2075:1: [;1m[31merror:[0m[0m[;1m[0m[0m[;1m
     note: '' has been explicitly marked deprecated here[0m[0m
[;1m[34m     |[0m[0m
[;1m[34m2075 |[0m[0m [;1m[31me[0m[0mnum {
[;1m[34m     |[0m[0m[;1m[31m ^[0m[0m
[0m[0m[0menum {
^
6 warnings generated.
ignoring (possibly broken) abi-depends field for packages
Preprocessing library for hfsevents-0.1.6..
Running Haddock on library for hfsevents-0.1.6..
Haddock coverage:
  12% (  3 / 26) in 'System.OSX.FSEvents'
  Missing documentation for:
    EventStream (System/OSX/FSEvents.hs:47)
    Event (System/OSX/FSEvents.hs:48)
    eventFlagMustScanSubDirs (System/OSX/FSEvents.hs:55)
    eventFlagUserDropped (System/OSX/FSEvents.hs:57)
    eventFlagKernelDropped (System/OSX/FSEvents.hs:59)
    eventFlagEventIdsWrapped (System/OSX/FSEvents.hs:61)
    eventFlagHistoryDone (System/OSX/FSEvents.hs:63)
    eventFlagRootChanged (System/OSX/FSEvents.hs:65)
    eventFlagMount (System/OSX/FSEvents.hs:67)
    eventFlagUnmount (System/OSX/FSEvents.hs:69)
    eventFlagItemCreated (System/OSX/FSEvents.hs:72)
    eventFlagItemRemoved (System/OSX/FSEvents.hs:74)
    eventFlagItemInodeMetaMod (System/OSX/FSEvents.hs:76)
    eventFlagItemRenamed (System/OSX/FSEvents.hs:78)
    eventFlagItemModified (System/OSX/FSEvents.hs:80)
    eventFlagItemFinderInfoMod (System/OSX/FSEvents.hs:82)
    eventFlagItemChangeOwner (System/OSX/FSEvents.hs:84)
    eventFlagItemXattrMod (System/OSX/FSEvents.hs:86)
    eventFlagItemIsFile (System/OSX/FSEvents.hs:88)
    eventFlagItemIsDir (System/OSX/FSEvents.hs:90)
    eventFlagItemIsSymlink (System/OSX/FSEvents.hs:92)
    fileLevelEventsSupported (System/OSX/FSEvents.hs:185)
    osVersion (System/OSX/FSEvents.hs:176)
Documentation created:
.stack-work/dist/x86_64-osx/Cabal-2.2.0.1/doc/html/hfsevents/index.html,
.stack-work/dist/x86_64-osx/Cabal-2.2.0.1/doc/html/hfsevents/hfsevents.txt
Installing library in /Users/harry/.stack/snapshots/x86_64-osx/lts-12.2/8.4.3/lib/x86_64-osx-ghc-8.4.3/hfsevents-0.1.6-qLVn7UJ16PLLt6gYhLxya
Registering library for hfsevents-0.1.6..
