Warning: hxt-unicode.cabal:8:1: The field "homepage" is specified more than
once at positions 8:1, 13:1
Configuring hxt-unicode-9.0.2.4...
Preprocessing library for hxt-unicode-9.0.2.4..
Building library for hxt-unicode-9.0.2.4..
[1 of 5] Compiling Data.Char.IsoLatinTables ( src/Data/Char/IsoLatinTables.hs, .stack-work/dist/x86_64-osx/Cabal-2.2.0.1/build/Data/Char/IsoLatinTables.o )
[2 of 5] Compiling Data.String.EncodingNames ( src/Data/String/EncodingNames.hs, .stack-work/dist/x86_64-osx/Cabal-2.2.0.1/build/Data/String/EncodingNames.o )
[3 of 5] Compiling Data.String.UTF8 ( src/Data/String/UTF8.hs, .stack-work/dist/x86_64-osx/Cabal-2.2.0.1/build/Data/String/UTF8.o )
[4 of 5] Compiling Data.String.UTF8Decoding ( src/Data/String/UTF8Decoding.hs, .stack-work/dist/x86_64-osx/Cabal-2.2.0.1/build/Data/String/UTF8Decoding.o )
[5 of 5] Compiling Data.String.Unicode ( src/Data/String/Unicode.hs, .stack-work/dist/x86_64-osx/Cabal-2.2.0.1/build/Data/String/Unicode.o )
ignoring (possibly broken) abi-depends field for packages
Preprocessing library for hxt-unicode-9.0.2.4..
Running Haddock on library for hxt-unicode-9.0.2.4..
Haddock coverage:
   0% (  0 / 15) in 'Data.Char.IsoLatinTables'
  Missing documentation for:
    Module header
    iso_8859_2 (src/Data/Char/IsoLatinTables.hs:4)
    iso_8859_3 (src/Data/Char/IsoLatinTables.hs:65)
    iso_8859_4 (src/Data/Char/IsoLatinTables.hs:97)
    iso_8859_5 (src/Data/Char/IsoLatinTables.hs:151)
    iso_8859_6 (src/Data/Char/IsoLatinTables.hs:249)
    iso_8859_7 (src/Data/Char/IsoLatinTables.hs:301)
    iso_8859_8 (src/Data/Char/IsoLatinTables.hs:382)
    iso_8859_9 (src/Data/Char/IsoLatinTables.hs:418)
    iso_8859_10 (src/Data/Char/IsoLatinTables.hs:428)
    iso_8859_11 (src/Data/Char/IsoLatinTables.hs:478)
    iso_8859_13 (src/Data/Char/IsoLatinTables.hs:569)
    iso_8859_14 (src/Data/Char/IsoLatinTables.hs:629)
    iso_8859_15 (src/Data/Char/IsoLatinTables.hs:664)
    iso_8859_16 (src/Data/Char/IsoLatinTables.hs:676)
   4% (  1 / 24) in 'Data.String.EncodingNames'
  Missing documentation for:
    isoLatin1 (src/Data/String/EncodingNames.hs:25)
    iso8859_1 (src/Data/String/EncodingNames.hs:25)
    iso8859_2 (src/Data/String/EncodingNames.hs:25)
    iso8859_3 (src/Data/String/EncodingNames.hs:25)
    iso8859_4 (src/Data/String/EncodingNames.hs:25)
    iso8859_5 (src/Data/String/EncodingNames.hs:25)
    iso8859_6 (src/Data/String/EncodingNames.hs:25)
    iso8859_7 (src/Data/String/EncodingNames.hs:25)
    iso8859_8 (src/Data/String/EncodingNames.hs:25)
    iso8859_9 (src/Data/String/EncodingNames.hs:25)
    iso8859_10 (src/Data/String/EncodingNames.hs:25)
    iso8859_11 (src/Data/String/EncodingNames.hs:25)
    iso8859_13 (src/Data/String/EncodingNames.hs:25)
    iso8859_14 (src/Data/String/EncodingNames.hs:25)
    iso8859_15 (src/Data/String/EncodingNames.hs:25)
    iso8859_16 (src/Data/String/EncodingNames.hs:25)
    usAscii (src/Data/String/EncodingNames.hs:25)
    ucs2 (src/Data/String/EncodingNames.hs:25)
    utf8 (src/Data/String/EncodingNames.hs:25)
    utf16 (src/Data/String/EncodingNames.hs:25)
    utf16be (src/Data/String/EncodingNames.hs:25)
    utf16le (src/Data/String/EncodingNames.hs:25)
    unicodeString (src/Data/String/EncodingNames.hs:25)
   0% (  0 /  7) in 'Data.String.UTF8'
  Missing documentation for:
    Module header
    encode (src/Data/String/UTF8.hs:123)
    decode (src/Data/String/UTF8.hs:351)
    decodeEmbedErrors (src/Data/String/UTF8.hs:354)
    encodeOne (src/Data/String/UTF8.hs:102)
    decodeOne (src/Data/String/UTF8.hs:242)
    Error (src/Data/String/UTF8.hs:183)
  50% (  2 /  4) in 'Data.String.UTF8Decoding'
  Missing documentation for:
    decodeUtf8EmbedErrors (src/Data/String/UTF8Decoding.hs:40)
    decodeUtf8IgnoreErrors (src/Data/String/UTF8Decoding.hs:36)
  89% ( 31 / 35) in 'Data.String.Unicode'
  Missing documentation for:
    UStringWithErrors (src/Data/String/Unicode.hs:98)
    utf8ToUnicodeEmbedErrors (src/Data/String/Unicode.hs:253)
    intToHexString (src/Data/String/Unicode.hs:375)
    guessEncoding (src/Data/String/Unicode.hs:518)
Warning: Data.String.Unicode: could not find link destinations for:
    StringFct decodingTable
Documentation created:
.stack-work/dist/x86_64-osx/Cabal-2.2.0.1/doc/html/hxt-unicode/index.html,
.stack-work/dist/x86_64-osx/Cabal-2.2.0.1/doc/html/hxt-unicode/hxt-unicode.txt
Installing library in /Users/harry/.stack/snapshots/x86_64-osx/lts-12.2/8.4.3/lib/x86_64-osx-ghc-8.4.3/hxt-unicode-9.0.2.4-2JkMFY2Xvzp4PpxFbG4N53
Registering library for hxt-unicode-9.0.2.4..
