Configuring hxt-9.3.1.16...
Preprocessing library for hxt-9.3.1.16..
Building library for hxt-9.3.1.16..
[ 1 of 82] Compiling Control.Arrow.ArrowIO ( src/Control/Arrow/ArrowIO.hs, .stack-work/dist/x86_64-osx/Cabal-2.2.0.1/build/Control/Arrow/ArrowIO.o )
[ 2 of 82] Compiling Control.Arrow.ArrowExc ( src/Control/Arrow/ArrowExc.hs, .stack-work/dist/x86_64-osx/Cabal-2.2.0.1/build/Control/Arrow/ArrowExc.o )
[ 3 of 82] Compiling Control.Arrow.ArrowList ( src/Control/Arrow/ArrowList.hs, .stack-work/dist/x86_64-osx/Cabal-2.2.0.1/build/Control/Arrow/ArrowList.o )
[ 4 of 82] Compiling Control.Arrow.ArrowIf ( src/Control/Arrow/ArrowIf.hs, .stack-work/dist/x86_64-osx/Cabal-2.2.0.1/build/Control/Arrow/ArrowIf.o )
[ 5 of 82] Compiling Control.Arrow.ArrowState ( src/Control/Arrow/ArrowState.hs, .stack-work/dist/x86_64-osx/Cabal-2.2.0.1/build/Control/Arrow/ArrowState.o )
[ 6 of 82] Compiling Control.FlatSeq  ( src/Control/FlatSeq.hs, .stack-work/dist/x86_64-osx/Cabal-2.2.0.1/build/Control/FlatSeq.o )
[ 7 of 82] Compiling Control.Arrow.ArrowNF ( src/Control/Arrow/ArrowNF.hs, .stack-work/dist/x86_64-osx/Cabal-2.2.0.1/build/Control/Arrow/ArrowNF.o )
[ 8 of 82] Compiling Data.AssocList   ( src/Data/AssocList.hs, .stack-work/dist/x86_64-osx/Cabal-2.2.0.1/build/Data/AssocList.o )
[ 9 of 82] Compiling Data.Atom        ( src/Data/Atom.hs, .stack-work/dist/x86_64-osx/Cabal-2.2.0.1/build/Data/Atom.o )
[10 of 82] Compiling Data.Function.Selector ( src/Data/Function/Selector.hs, .stack-work/dist/x86_64-osx/Cabal-2.2.0.1/build/Data/Function/Selector.o )
[11 of 82] Compiling Data.Tree.Class  ( src/Data/Tree/Class.hs, .stack-work/dist/x86_64-osx/Cabal-2.2.0.1/build/Data/Tree/Class.o )
[12 of 82] Compiling Control.Arrow.ArrowTree ( src/Control/Arrow/ArrowTree.hs, .stack-work/dist/x86_64-osx/Cabal-2.2.0.1/build/Control/Arrow/ArrowTree.o )
[13 of 82] Compiling Data.Tree.NTree.TypeDefs ( src/Data/Tree/NTree/TypeDefs.hs, .stack-work/dist/x86_64-osx/Cabal-2.2.0.1/build/Data/Tree/NTree/TypeDefs.o )
[14 of 82] Compiling Data.Tree.NTree.Edit ( src/Data/Tree/NTree/Edit.hs, .stack-work/dist/x86_64-osx/Cabal-2.2.0.1/build/Data/Tree/NTree/Edit.o )
[15 of 82] Compiling Data.Tree.NavigatableTree.Class ( src/Data/Tree/NavigatableTree/Class.hs, .stack-work/dist/x86_64-osx/Cabal-2.2.0.1/build/Data/Tree/NavigatableTree/Class.o )
[16 of 82] Compiling Data.Tree.NavigatableTree.XPathAxis ( src/Data/Tree/NavigatableTree/XPathAxis.hs, .stack-work/dist/x86_64-osx/Cabal-2.2.0.1/build/Data/Tree/NavigatableTree/XPathAxis.o )
[17 of 82] Compiling Data.Tree.NTree.Zipper.TypeDefs ( src/Data/Tree/NTree/Zipper/TypeDefs.hs, .stack-work/dist/x86_64-osx/Cabal-2.2.0.1/build/Data/Tree/NTree/Zipper/TypeDefs.o )
[18 of 82] Compiling Control.Arrow.ArrowNavigatableTree ( src/Control/Arrow/ArrowNavigatableTree.hs, .stack-work/dist/x86_64-osx/Cabal-2.2.0.1/build/Control/Arrow/ArrowNavigatableTree.o )
[19 of 82] Compiling Control.Arrow.StateListArrow ( src/Control/Arrow/StateListArrow.hs, .stack-work/dist/x86_64-osx/Cabal-2.2.0.1/build/Control/Arrow/StateListArrow.o )
[20 of 82] Compiling Control.Arrow.ListArrow ( src/Control/Arrow/ListArrow.hs, .stack-work/dist/x86_64-osx/Cabal-2.2.0.1/build/Control/Arrow/ListArrow.o )
[21 of 82] Compiling Control.Arrow.NTreeEdit ( src/Control/Arrow/NTreeEdit.hs, .stack-work/dist/x86_64-osx/Cabal-2.2.0.1/build/Control/Arrow/NTreeEdit.o )
[22 of 82] Compiling Control.Arrow.IOStateListArrow ( src/Control/Arrow/IOStateListArrow.hs, .stack-work/dist/x86_64-osx/Cabal-2.2.0.1/build/Control/Arrow/IOStateListArrow.o )
[23 of 82] Compiling Control.Arrow.IOListArrow ( src/Control/Arrow/IOListArrow.hs, .stack-work/dist/x86_64-osx/Cabal-2.2.0.1/build/Control/Arrow/IOListArrow.o )
[24 of 82] Compiling Control.Arrow.ListArrows ( src/Control/Arrow/ListArrows.hs, .stack-work/dist/x86_64-osx/Cabal-2.2.0.1/build/Control/Arrow/ListArrows.o )
[25 of 82] Compiling Text.XML.HXT.DOM.MimeTypeDefaults ( src/Text/XML/HXT/DOM/MimeTypeDefaults.hs, .stack-work/dist/x86_64-osx/Cabal-2.2.0.1/build/Text/XML/HXT/DOM/MimeTypeDefaults.o )
[26 of 82] Compiling Text.XML.HXT.DOM.MimeTypes ( src/Text/XML/HXT/DOM/MimeTypes.hs, .stack-work/dist/x86_64-osx/Cabal-2.2.0.1/build/Text/XML/HXT/DOM/MimeTypes.o )
[27 of 82] Compiling Text.XML.HXT.DOM.Util ( src/Text/XML/HXT/DOM/Util.hs, .stack-work/dist/x86_64-osx/Cabal-2.2.0.1/build/Text/XML/HXT/DOM/Util.o )
[28 of 82] Compiling Text.XML.HXT.DOM.XmlKeywords ( src/Text/XML/HXT/DOM/XmlKeywords.hs, .stack-work/dist/x86_64-osx/Cabal-2.2.0.1/build/Text/XML/HXT/DOM/XmlKeywords.o )
[29 of 82] Compiling Text.XML.HXT.DOM.QualifiedName ( src/Text/XML/HXT/DOM/QualifiedName.hs, .stack-work/dist/x86_64-osx/Cabal-2.2.0.1/build/Text/XML/HXT/DOM/QualifiedName.o )
[30 of 82] Compiling Text.XML.HXT.DOM.TypeDefs ( src/Text/XML/HXT/DOM/TypeDefs.hs, .stack-work/dist/x86_64-osx/Cabal-2.2.0.1/build/Text/XML/HXT/DOM/TypeDefs.o )
[31 of 82] Compiling Text.XML.HXT.DOM.Interface ( src/Text/XML/HXT/DOM/Interface.hs, .stack-work/dist/x86_64-osx/Cabal-2.2.0.1/build/Text/XML/HXT/DOM/Interface.o )
[32 of 82] Compiling Text.XML.HXT.Arrow.XmlState.TypeDefs ( src/Text/XML/HXT/Arrow/XmlState/TypeDefs.hs, .stack-work/dist/x86_64-osx/Cabal-2.2.0.1/build/Text/XML/HXT/Arrow/XmlState/TypeDefs.o )
[33 of 82] Compiling Text.XML.HXT.Arrow.XmlState.MimeTypeTable ( src/Text/XML/HXT/Arrow/XmlState/MimeTypeTable.hs, .stack-work/dist/x86_64-osx/Cabal-2.2.0.1/build/Text/XML/HXT/Arrow/XmlState/MimeTypeTable.o )
[34 of 82] Compiling Text.XML.HXT.DOM.XmlNode ( src/Text/XML/HXT/DOM/XmlNode.hs, .stack-work/dist/x86_64-osx/Cabal-2.2.0.1/build/Text/XML/HXT/DOM/XmlNode.o )
[35 of 82] Compiling Text.XML.HXT.DOM.ShowXml ( src/Text/XML/HXT/DOM/ShowXml.hs, .stack-work/dist/x86_64-osx/Cabal-2.2.0.1/build/Text/XML/HXT/DOM/ShowXml.o )
[36 of 82] Compiling Text.XML.HXT.Arrow.XmlRegex ( src/Text/XML/HXT/Arrow/XmlRegex.hs, .stack-work/dist/x86_64-osx/Cabal-2.2.0.1/build/Text/XML/HXT/Arrow/XmlRegex.o )
[37 of 82] Compiling Text.XML.HXT.DOM.FormatXmlTree ( src/Text/XML/HXT/DOM/FormatXmlTree.hs, .stack-work/dist/x86_64-osx/Cabal-2.2.0.1/build/Text/XML/HXT/DOM/FormatXmlTree.o )
[38 of 82] Compiling Text.XML.HXT.Arrow.XmlArrow ( src/Text/XML/HXT/Arrow/XmlArrow.hs, .stack-work/dist/x86_64-osx/Cabal-2.2.0.1/build/Text/XML/HXT/Arrow/XmlArrow.o )
[39 of 82] Compiling Text.XML.HXT.Arrow.XmlState.ErrorHandling ( src/Text/XML/HXT/Arrow/XmlState/ErrorHandling.hs, .stack-work/dist/x86_64-osx/Cabal-2.2.0.1/build/Text/XML/HXT/Arrow/XmlState/ErrorHandling.o )
[40 of 82] Compiling Text.XML.HXT.Arrow.XmlState.SystemConfig ( src/Text/XML/HXT/Arrow/XmlState/SystemConfig.hs, .stack-work/dist/x86_64-osx/Cabal-2.2.0.1/build/Text/XML/HXT/Arrow/XmlState/SystemConfig.o )
[41 of 82] Compiling Text.XML.HXT.Arrow.XmlOptions ( src/Text/XML/HXT/Arrow/XmlOptions.hs, .stack-work/dist/x86_64-osx/Cabal-2.2.0.1/build/Text/XML/HXT/Arrow/XmlOptions.o )
[42 of 82] Compiling Text.XML.HXT.Arrow.Binary ( src/Text/XML/HXT/Arrow/Binary.hs, .stack-work/dist/x86_64-osx/Cabal-2.2.0.1/build/Text/XML/HXT/Arrow/Binary.o )
[43 of 82] Compiling Text.XML.HXT.Arrow.Namespace ( src/Text/XML/HXT/Arrow/Namespace.hs, .stack-work/dist/x86_64-osx/Cabal-2.2.0.1/build/Text/XML/HXT/Arrow/Namespace.o )
[44 of 82] Compiling Text.XML.HXT.DTDValidation.RE ( src/Text/XML/HXT/DTDValidation/RE.hs, .stack-work/dist/x86_64-osx/Cabal-2.2.0.1/build/Text/XML/HXT/DTDValidation/RE.o )
[45 of 82] Compiling Text.XML.HXT.DTDValidation.TypeDefs ( src/Text/XML/HXT/DTDValidation/TypeDefs.hs, .stack-work/dist/x86_64-osx/Cabal-2.2.0.1/build/Text/XML/HXT/DTDValidation/TypeDefs.o )
[46 of 82] Compiling Text.XML.HXT.IO.GetFILE ( src/Text/XML/HXT/IO/GetFILE.hs, .stack-work/dist/x86_64-osx/Cabal-2.2.0.1/build/Text/XML/HXT/IO/GetFILE.o )
[47 of 82] Compiling Text.XML.HXT.Parser.ProtocolHandlerUtil ( src/Text/XML/HXT/Parser/ProtocolHandlerUtil.hs, .stack-work/dist/x86_64-osx/Cabal-2.2.0.1/build/Text/XML/HXT/Parser/ProtocolHandlerUtil.o )
[48 of 82] Compiling Text.XML.HXT.Parser.XmlCharParser ( src/Text/XML/HXT/Parser/XmlCharParser.hs, .stack-work/dist/x86_64-osx/Cabal-2.2.0.1/build/Text/XML/HXT/Parser/XmlCharParser.o )
[49 of 82] Compiling Text.XML.HXT.Parser.XmlEntities ( src/Text/XML/HXT/Parser/XmlEntities.hs, .stack-work/dist/x86_64-osx/Cabal-2.2.0.1/build/Text/XML/HXT/Parser/XmlEntities.o )
[50 of 82] Compiling Text.XML.HXT.Parser.XhtmlEntities ( src/Text/XML/HXT/Parser/XhtmlEntities.hs, .stack-work/dist/x86_64-osx/Cabal-2.2.0.1/build/Text/XML/HXT/Parser/XhtmlEntities.o )
[51 of 82] Compiling Text.XML.HXT.Parser.XmlTokenParser ( src/Text/XML/HXT/Parser/XmlTokenParser.hs, .stack-work/dist/x86_64-osx/Cabal-2.2.0.1/build/Text/XML/HXT/Parser/XmlTokenParser.o )
[52 of 82] Compiling Text.XML.HXT.Parser.XmlDTDTokenParser ( src/Text/XML/HXT/Parser/XmlDTDTokenParser.hs, .stack-work/dist/x86_64-osx/Cabal-2.2.0.1/build/Text/XML/HXT/Parser/XmlDTDTokenParser.o )
[53 of 82] Compiling Text.XML.HXT.Parser.XmlParsec ( src/Text/XML/HXT/Parser/XmlParsec.hs, .stack-work/dist/x86_64-osx/Cabal-2.2.0.1/build/Text/XML/HXT/Parser/XmlParsec.o )
[54 of 82] Compiling Text.XML.HXT.DTDValidation.AttributeValueValidation ( src/Text/XML/HXT/DTDValidation/AttributeValueValidation.hs, .stack-work/dist/x86_64-osx/Cabal-2.2.0.1/build/Text/XML/HXT/DTDValidation/AttributeValueValidation.o )
[55 of 82] Compiling Text.XML.HXT.DTDValidation.IdValidation ( src/Text/XML/HXT/DTDValidation/IdValidation.hs, .stack-work/dist/x86_64-osx/Cabal-2.2.0.1/build/Text/XML/HXT/DTDValidation/IdValidation.o )
[56 of 82] Compiling Text.XML.HXT.DTDValidation.DocTransformation ( src/Text/XML/HXT/DTDValidation/DocTransformation.hs, .stack-work/dist/x86_64-osx/Cabal-2.2.0.1/build/Text/XML/HXT/DTDValidation/DocTransformation.o )
[57 of 82] Compiling Text.XML.HXT.DTDValidation.DTDValidation ( src/Text/XML/HXT/DTDValidation/DTDValidation.hs, .stack-work/dist/x86_64-osx/Cabal-2.2.0.1/build/Text/XML/HXT/DTDValidation/DTDValidation.o )
[58 of 82] Compiling Text.XML.HXT.Parser.XmlDTDParser ( src/Text/XML/HXT/Parser/XmlDTDParser.hs, .stack-work/dist/x86_64-osx/Cabal-2.2.0.1/build/Text/XML/HXT/Parser/XmlDTDParser.o )
[59 of 82] Compiling Text.XML.HXT.Parser.HtmlParsec ( src/Text/XML/HXT/Parser/HtmlParsec.hs, .stack-work/dist/x86_64-osx/Cabal-2.2.0.1/build/Text/XML/HXT/Parser/HtmlParsec.o )
[60 of 82] Compiling Text.XML.HXT.Arrow.ParserInterface ( src/Text/XML/HXT/Arrow/ParserInterface.hs, .stack-work/dist/x86_64-osx/Cabal-2.2.0.1/build/Text/XML/HXT/Arrow/ParserInterface.o )
[61 of 82] Compiling Text.XML.HXT.Arrow.Edit ( src/Text/XML/HXT/Arrow/Edit.hs, .stack-work/dist/x86_64-osx/Cabal-2.2.0.1/build/Text/XML/HXT/Arrow/Edit.o )
[62 of 82] Compiling Text.XML.HXT.DTDValidation.XmlRE ( src/Text/XML/HXT/DTDValidation/XmlRE.hs, .stack-work/dist/x86_64-osx/Cabal-2.2.0.1/build/Text/XML/HXT/DTDValidation/XmlRE.o )
[63 of 82] Compiling Text.XML.HXT.DTDValidation.DocValidation ( src/Text/XML/HXT/DTDValidation/DocValidation.hs, .stack-work/dist/x86_64-osx/Cabal-2.2.0.1/build/Text/XML/HXT/DTDValidation/DocValidation.o )
[64 of 82] Compiling Text.XML.HXT.DTDValidation.Validation ( src/Text/XML/HXT/DTDValidation/Validation.hs, .stack-work/dist/x86_64-osx/Cabal-2.2.0.1/build/Text/XML/HXT/DTDValidation/Validation.o )
[65 of 82] Compiling Text.XML.HXT.Arrow.XmlState.TraceHandling ( src/Text/XML/HXT/Arrow/XmlState/TraceHandling.hs, .stack-work/dist/x86_64-osx/Cabal-2.2.0.1/build/Text/XML/HXT/Arrow/XmlState/TraceHandling.o )
[66 of 82] Compiling Text.XML.HXT.Arrow.XmlState.URIHandling ( src/Text/XML/HXT/Arrow/XmlState/URIHandling.hs, .stack-work/dist/x86_64-osx/Cabal-2.2.0.1/build/Text/XML/HXT/Arrow/XmlState/URIHandling.o )
[67 of 82] Compiling Text.XML.HXT.Arrow.XmlState.RunIOStateArrow ( src/Text/XML/HXT/Arrow/XmlState/RunIOStateArrow.hs, .stack-work/dist/x86_64-osx/Cabal-2.2.0.1/build/Text/XML/HXT/Arrow/XmlState/RunIOStateArrow.o )
[68 of 82] Compiling Text.XML.HXT.Arrow.XmlState ( src/Text/XML/HXT/Arrow/XmlState.hs, .stack-work/dist/x86_64-osx/Cabal-2.2.0.1/build/Text/XML/HXT/Arrow/XmlState.o )
[69 of 82] Compiling Text.XML.HXT.Arrow.DocumentInput ( src/Text/XML/HXT/Arrow/DocumentInput.hs, .stack-work/dist/x86_64-osx/Cabal-2.2.0.1/build/Text/XML/HXT/Arrow/DocumentInput.o )
[70 of 82] Compiling Text.XML.HXT.Arrow.GeneralEntitySubstitution ( src/Text/XML/HXT/Arrow/GeneralEntitySubstitution.hs, .stack-work/dist/x86_64-osx/Cabal-2.2.0.1/build/Text/XML/HXT/Arrow/GeneralEntitySubstitution.o )
[71 of 82] Compiling Text.XML.HXT.Arrow.DocumentOutput ( src/Text/XML/HXT/Arrow/DocumentOutput.hs, .stack-work/dist/x86_64-osx/Cabal-2.2.0.1/build/Text/XML/HXT/Arrow/DocumentOutput.o )
[72 of 82] Compiling Text.XML.HXT.Arrow.WriteDocument ( src/Text/XML/HXT/Arrow/WriteDocument.hs, .stack-work/dist/x86_64-osx/Cabal-2.2.0.1/build/Text/XML/HXT/Arrow/WriteDocument.o )
[73 of 82] Compiling Text.XML.HXT.Arrow.DTDProcessing ( src/Text/XML/HXT/Arrow/DTDProcessing.hs, .stack-work/dist/x86_64-osx/Cabal-2.2.0.1/build/Text/XML/HXT/Arrow/DTDProcessing.o )
[74 of 82] Compiling Text.XML.HXT.Arrow.ProcessDocument ( src/Text/XML/HXT/Arrow/ProcessDocument.hs, .stack-work/dist/x86_64-osx/Cabal-2.2.0.1/build/Text/XML/HXT/Arrow/ProcessDocument.o )
[75 of 82] Compiling Text.XML.HXT.Arrow.ReadDocument ( src/Text/XML/HXT/Arrow/ReadDocument.hs, .stack-work/dist/x86_64-osx/Cabal-2.2.0.1/build/Text/XML/HXT/Arrow/ReadDocument.o )
[76 of 82] Compiling Text.XML.HXT.Version ( src/Text/XML/HXT/Version.hs, .stack-work/dist/x86_64-osx/Cabal-2.2.0.1/build/Text/XML/HXT/Version.o )
[77 of 82] Compiling Text.XML.HXT.XMLSchema.DataTypeLibW3CNames ( src/Text/XML/HXT/XMLSchema/DataTypeLibW3CNames.hs, .stack-work/dist/x86_64-osx/Cabal-2.2.0.1/build/Text/XML/HXT/XMLSchema/DataTypeLibW3CNames.o )
[78 of 82] Compiling Text.XML.HXT.Arrow.Pickle.Schema ( src/Text/XML/HXT/Arrow/Pickle/Schema.hs, .stack-work/dist/x86_64-osx/Cabal-2.2.0.1/build/Text/XML/HXT/Arrow/Pickle/Schema.o )
[79 of 82] Compiling Text.XML.HXT.Arrow.Pickle.Xml ( src/Text/XML/HXT/Arrow/Pickle/Xml.hs, .stack-work/dist/x86_64-osx/Cabal-2.2.0.1/build/Text/XML/HXT/Arrow/Pickle/Xml.o )
[80 of 82] Compiling Text.XML.HXT.Arrow.Pickle.DTD ( src/Text/XML/HXT/Arrow/Pickle/DTD.hs, .stack-work/dist/x86_64-osx/Cabal-2.2.0.1/build/Text/XML/HXT/Arrow/Pickle/DTD.o )
[81 of 82] Compiling Text.XML.HXT.Arrow.Pickle ( src/Text/XML/HXT/Arrow/Pickle.hs, .stack-work/dist/x86_64-osx/Cabal-2.2.0.1/build/Text/XML/HXT/Arrow/Pickle.o )
[82 of 82] Compiling Text.XML.HXT.Core ( src/Text/XML/HXT/Core.hs, .stack-work/dist/x86_64-osx/Cabal-2.2.0.1/build/Text/XML/HXT/Core.o )
ignoring (possibly broken) abi-depends field for packages
Preprocessing library for hxt-9.3.1.16..
Running Haddock on library for hxt-9.3.1.16..
Haddock coverage:
 100% (  3 /  3) in 'Control.Arrow.ArrowIO'
  50% (  1 /  2) in 'Control.Arrow.ArrowExc'
  Missing documentation for:
    ArrowExc (src/Control/Arrow/ArrowExc.hs:29)
 100% (  2 /  2) in 'Control.Arrow.ArrowList'
 100% (  3 /  3) in 'Control.Arrow.ArrowIf'
 100% (  2 /  2) in 'Control.Arrow.ArrowState'
  40% (  2 /  5) in 'Control.FlatSeq'
  Missing documentation for:
    $!! (src/Control/FlatSeq.hs:29)
    flatseq (src/Control/FlatSeq.hs:33)
    rlnf (src/Control/FlatSeq.hs:37)
  75% (  3 /  4) in 'Control.Arrow.ArrowNF'
  Missing documentation for:
    ArrowNF (src/Control/Arrow/ArrowNF.hs:37)
  89% (  8 /  9) in 'Data.AssocList'
  Missing documentation for:
    AssocList (src/Data/AssocList.hs:26)
  80% (  4 /  5) in 'Data.Atom'
  Missing documentation for:
    Atom (src/Data/Atom.hs:78)
  30% (  3 / 10) in 'Data.Function.Selector'
  Missing documentation for:
    Module header
    chgS (src/Data/Function/Selector.hs:22)
    chgM (src/Data/Function/Selector.hs:27)
    idS (src/Data/Function/Selector.hs:52)
    .&&&. (src/Data/Function/Selector.hs:55)
    Comp2 (src/Data/Function/Selector.hs:66)
    Comp3 (src/Data/Function/Selector.hs:67)
 100% (  3 /  3) in 'Data.Tree.Class'
 100% (  3 /  3) in 'Control.Arrow.ArrowTree'
 100% (  3 /  3) in 'Data.Tree.NTree.TypeDefs'
 100% (  3 /  3) in 'Data.Tree.NTree.Edit'
 100% (  4 /  4) in 'Data.Tree.NavigatableTree.Class'
  94% ( 16 / 17) in 'Data.Tree.NavigatableTree.XPathAxis'
  Missing documentation for:
    isAtRoot (src/Data/Tree/NavigatableTree/XPathAxis.hs:124)
  38% (  6 / 16) in 'Data.Tree.NTree.Zipper.TypeDefs'
  Missing documentation for:
    up (src/Data/Tree/NTree/Zipper/TypeDefs.hs:87)
    down (src/Data/Tree/NTree/Zipper/TypeDefs.hs:96)
    toTheRight (src/Data/Tree/NTree/Zipper/TypeDefs.hs:103)
    toTheLeft (src/Data/Tree/NTree/Zipper/TypeDefs.hs:117)
    addToTheLeft (src/Data/Tree/NTree/Zipper/TypeDefs.hs:131)
    addToTheRight (src/Data/Tree/NTree/Zipper/TypeDefs.hs:140)
    dropFromTheLeft (src/Data/Tree/NTree/Zipper/TypeDefs.hs:149)
    dropFromTheRight (src/Data/Tree/NTree/Zipper/TypeDefs.hs:159)
    isTop (src/Data/Tree/NTree/Zipper/TypeDefs.hs:171)
    up1 (src/Data/Tree/NTree/Zipper/TypeDefs.hs:176)
  93% ( 28 / 30) in 'Control.Arrow.ArrowNavigatableTree'
  Missing documentation for:
    parentAxis (src/Control/Arrow/ArrowNavigatableTree.hs:62)
    isAtRoot (src/Control/Arrow/ArrowNavigatableTree.hs:132)
 100% (  3 /  3) in 'Control.Arrow.StateListArrow'
 100% (  3 /  3) in 'Control.Arrow.ListArrow'
  67% (  2 /  3) in 'Control.Arrow.NTreeEdit'
  Missing documentation for:
    fmapNTreeA (src/Control/Arrow/NTreeEdit.hs:43)
 100% (  4 /  4) in 'Control.Arrow.IOStateListArrow'
 100% (  2 /  2) in 'Control.Arrow.IOListArrow'
 100% ( 15 / 15) in 'Control.Arrow.ListArrows'
 100% (  2 /  2) in 'Text.XML.HXT.DOM.MimeTypeDefaults'
   5% (  1 / 19) in 'Text.XML.HXT.DOM.MimeTypes'
  Missing documentation for:
    MimeTypeTable (src/Text/XML/HXT/DOM/MimeTypes.hs:35)
    application_xhtml (src/Text/XML/HXT/DOM/MimeTypes.hs:43)
    application_xml (src/Text/XML/HXT/DOM/MimeTypes.hs:43)
    application_xml_external_parsed_entity (src/Text/XML/HXT/DOM/MimeTypes.hs:43)
    application_xml_dtd (src/Text/XML/HXT/DOM/MimeTypes.hs:43)
    text_html (src/Text/XML/HXT/DOM/MimeTypes.hs:43)
    text_pdf (src/Text/XML/HXT/DOM/MimeTypes.hs:43)
    text_plain (src/Text/XML/HXT/DOM/MimeTypes.hs:43)
    text_xdtd (src/Text/XML/HXT/DOM/MimeTypes.hs:43)
    text_xml (src/Text/XML/HXT/DOM/MimeTypes.hs:43)
    text_xml_external_parsed_entity (src/Text/XML/HXT/DOM/MimeTypes.hs:43)
    isTextMimeType (src/Text/XML/HXT/DOM/MimeTypes.hs:66)
    isHtmlMimeType (src/Text/XML/HXT/DOM/MimeTypes.hs:69)
    isXmlMimeType (src/Text/XML/HXT/DOM/MimeTypes.hs:72)
    defaultMimeTypeTable (src/Text/XML/HXT/DOM/MimeTypes.hs:85)
    extensionToMimeType (src/Text/XML/HXT/DOM/MimeTypes.hs:88)
    readMimeTypeTable (src/Text/XML/HXT/DOM/MimeTypes.hs:99)
    parseMimeTypeTable (src/Text/XML/HXT/DOM/MimeTypes.hs:104)
  82% ( 23 / 28) in 'Text.XML.HXT.DOM.Util'
  Missing documentation for:
    stringToInt (src/Text/XML/HXT/DOM/Util.hs:172)
    swap (src/Text/XML/HXT/DOM/Util.hs:295)
    partitionEither (src/Text/XML/HXT/DOM/Util.hs:298)
    toMaybe (src/Text/XML/HXT/DOM/Util.hs:302)
    uncurry4 (src/Text/XML/HXT/DOM/Util.hs:313)
   5% (  4 / 77) in 'Text.XML.HXT.DOM.XmlKeywords'
  Missing documentation for:
    t_xml (src/Text/XML/HXT/DOM/XmlKeywords.hs:26)
    t_root (src/Text/XML/HXT/DOM/XmlKeywords.hs:26)
    a_default (src/Text/XML/HXT/DOM/XmlKeywords.hs:29)
    a_contentLength (src/Text/XML/HXT/DOM/XmlKeywords.hs:29)
    a_column (src/Text/XML/HXT/DOM/XmlKeywords.hs:29)
    a_encoding (src/Text/XML/HXT/DOM/XmlKeywords.hs:29)
    a_kind (src/Text/XML/HXT/DOM/XmlKeywords.hs:29)
    a_line (src/Text/XML/HXT/DOM/XmlKeywords.hs:29)
    a_module (src/Text/XML/HXT/DOM/XmlKeywords.hs:29)
    a_modifier (src/Text/XML/HXT/DOM/XmlKeywords.hs:29)
    a_name (src/Text/XML/HXT/DOM/XmlKeywords.hs:29)
    a_output_encoding (src/Text/XML/HXT/DOM/XmlKeywords.hs:29)
    a_peref (src/Text/XML/HXT/DOM/XmlKeywords.hs:29)
    a_source (src/Text/XML/HXT/DOM/XmlKeywords.hs:29)
    a_status (src/Text/XML/HXT/DOM/XmlKeywords.hs:29)
    a_standalone (src/Text/XML/HXT/DOM/XmlKeywords.hs:29)
    a_type (src/Text/XML/HXT/DOM/XmlKeywords.hs:29)
    a_url (src/Text/XML/HXT/DOM/XmlKeywords.hs:29)
    a_value (src/Text/XML/HXT/DOM/XmlKeywords.hs:29)
    a_version (src/Text/XML/HXT/DOM/XmlKeywords.hs:29)
    a_xml (src/Text/XML/HXT/DOM/XmlKeywords.hs:29)
    a_xmlns (src/Text/XML/HXT/DOM/XmlKeywords.hs:29)
    v_0 (src/Text/XML/HXT/DOM/XmlKeywords.hs:50)
    v_1 (src/Text/XML/HXT/DOM/XmlKeywords.hs:50)
    v_2 (src/Text/XML/HXT/DOM/XmlKeywords.hs:50)
    v_yes (src/Text/XML/HXT/DOM/XmlKeywords.hs:50)
    v_no (src/Text/XML/HXT/DOM/XmlKeywords.hs:50)
    v_any (src/Text/XML/HXT/DOM/XmlKeywords.hs:50)
    v_children (src/Text/XML/HXT/DOM/XmlKeywords.hs:50)
    v_choice (src/Text/XML/HXT/DOM/XmlKeywords.hs:50)
    v_empty (src/Text/XML/HXT/DOM/XmlKeywords.hs:50)
    v_mixed (src/Text/XML/HXT/DOM/XmlKeywords.hs:50)
    v_seq (src/Text/XML/HXT/DOM/XmlKeywords.hs:50)
    v_null (src/Text/XML/HXT/DOM/XmlKeywords.hs:50)
    v_option (src/Text/XML/HXT/DOM/XmlKeywords.hs:50)
    v_pcdata (src/Text/XML/HXT/DOM/XmlKeywords.hs:50)
    v_star (src/Text/XML/HXT/DOM/XmlKeywords.hs:50)
    v_plus (src/Text/XML/HXT/DOM/XmlKeywords.hs:50)
    k_any (src/Text/XML/HXT/DOM/XmlKeywords.hs:67)
    k_cdata (src/Text/XML/HXT/DOM/XmlKeywords.hs:67)
    k_empty (src/Text/XML/HXT/DOM/XmlKeywords.hs:67)
    k_entity (src/Text/XML/HXT/DOM/XmlKeywords.hs:67)
    k_entities (src/Text/XML/HXT/DOM/XmlKeywords.hs:67)
    k_id (src/Text/XML/HXT/DOM/XmlKeywords.hs:67)
    k_idref (src/Text/XML/HXT/DOM/XmlKeywords.hs:67)
    k_idrefs (src/Text/XML/HXT/DOM/XmlKeywords.hs:67)
    k_include (src/Text/XML/HXT/DOM/XmlKeywords.hs:67)
    k_ignore (src/Text/XML/HXT/DOM/XmlKeywords.hs:67)
    k_nmtoken (src/Text/XML/HXT/DOM/XmlKeywords.hs:67)
    k_nmtokens (src/Text/XML/HXT/DOM/XmlKeywords.hs:67)
    k_peref (src/Text/XML/HXT/DOM/XmlKeywords.hs:67)
    k_public (src/Text/XML/HXT/DOM/XmlKeywords.hs:67)
    k_system (src/Text/XML/HXT/DOM/XmlKeywords.hs:67)
    k_enumeration (src/Text/XML/HXT/DOM/XmlKeywords.hs:67)
    k_fixed (src/Text/XML/HXT/DOM/XmlKeywords.hs:67)
    k_implied (src/Text/XML/HXT/DOM/XmlKeywords.hs:67)
    k_ndata (src/Text/XML/HXT/DOM/XmlKeywords.hs:67)
    k_notation (src/Text/XML/HXT/DOM/XmlKeywords.hs:67)
    k_pcdata (src/Text/XML/HXT/DOM/XmlKeywords.hs:67)
    k_required (src/Text/XML/HXT/DOM/XmlKeywords.hs:67)
    k_default (src/Text/XML/HXT/DOM/XmlKeywords.hs:67)
    dtdPrefix (src/Text/XML/HXT/DOM/XmlKeywords.hs:162)
    transferPrefix (src/Text/XML/HXT/DOM/XmlKeywords.hs:172)
    transferProtocol (src/Text/XML/HXT/DOM/XmlKeywords.hs:172)
    transferMimeType (src/Text/XML/HXT/DOM/XmlKeywords.hs:172)
    transferEncoding (src/Text/XML/HXT/DOM/XmlKeywords.hs:172)
    transferURI (src/Text/XML/HXT/DOM/XmlKeywords.hs:172)
    transferDefaultURI (src/Text/XML/HXT/DOM/XmlKeywords.hs:172)
    transferStatus (src/Text/XML/HXT/DOM/XmlKeywords.hs:172)
    transferMessage (src/Text/XML/HXT/DOM/XmlKeywords.hs:172)
    transferVersion (src/Text/XML/HXT/DOM/XmlKeywords.hs:172)
    httpPrefix (src/Text/XML/HXT/DOM/XmlKeywords.hs:196)
    stringProtocol (src/Text/XML/HXT/DOM/XmlKeywords.hs:199)
  63% ( 29 / 46) in 'Text.XML.HXT.DOM.QualifiedName'
  Missing documentation for:
    namePrefix (src/Text/XML/HXT/DOM/QualifiedName.hs:217)
    localPart (src/Text/XML/HXT/DOM/QualifiedName.hs:221)
    namespaceUri (src/Text/XML/HXT/DOM/QualifiedName.hs:225)
    newXName (src/Text/XML/HXT/DOM/QualifiedName.hs:606)
    nullXName (src/Text/XML/HXT/DOM/QualifiedName.hs:527)
    isNullXName (src/Text/XML/HXT/DOM/QualifiedName.hs:213)
    newQName (src/Text/XML/HXT/DOM/QualifiedName.hs:610)
    mkQName' (src/Text/XML/HXT/DOM/QualifiedName.hs:298)
    namePrefix' (src/Text/XML/HXT/DOM/QualifiedName.hs:162)
    localPart' (src/Text/XML/HXT/DOM/QualifiedName.hs:161)
    namespaceUri' (src/Text/XML/HXT/DOM/QualifiedName.hs:163)
    xmlNamespaceXName (src/Text/XML/HXT/DOM/QualifiedName.hs:527)
    xmlXName (src/Text/XML/HXT/DOM/QualifiedName.hs:527)
    xmlnsNamespaceXName (src/Text/XML/HXT/DOM/QualifiedName.hs:527)
    xmlnsXName (src/Text/XML/HXT/DOM/QualifiedName.hs:527)
    xmlnsQN (src/Text/XML/HXT/DOM/QualifiedName.hs:549)
    toNsEnv (src/Text/XML/HXT/DOM/QualifiedName.hs:503)
  85% ( 17 / 20) in 'Text.XML.HXT.DOM.TypeDefs'
  Missing documentation for:
    ChildNodes (src/Text/XML/HXT/DOM/TypeDefs.hs:262)
    blobToString (src/Text/XML/HXT/DOM/TypeDefs.hs:212)
    stringToBlob (src/Text/XML/HXT/DOM/TypeDefs.hs:216)
 100% (  6 /  6) in 'Text.XML.HXT.DOM.Interface'
  14% ( 17 /124) in 'Text.XML.HXT.Arrow.XmlState.TypeDefs'
  Missing documentation for:
    SysConfigList (src/Text/XML/HXT/Arrow/XmlState/TypeDefs.hs:260)
    SysConfig (src/Text/XML/HXT/Arrow/XmlState/TypeDefs.hs:259)
    DeCompressionFct (src/Text/XML/HXT/Arrow/XmlState/TypeDefs.hs:257)
    CompressionFct (src/Text/XML/HXT/Arrow/XmlState/TypeDefs.hs:256)
    MimeTypeHandlers (src/Text/XML/HXT/Arrow/XmlState/TypeDefs.hs:254)
    XIOCacheConfig (src/Text/XML/HXT/Arrow/XmlState/TypeDefs.hs:244)
    XIOXmlSchemaConfig (src/Text/XML/HXT/Arrow/XmlState/TypeDefs.hs:239)
    XIORelaxConfig (src/Text/XML/HXT/Arrow/XmlState/TypeDefs.hs:230)
    XIOXoutConfig (src/Text/XML/HXT/Arrow/XmlState/TypeDefs.hs:227)
    XIOOutputConfig (src/Text/XML/HXT/Arrow/XmlState/TypeDefs.hs:217)
    XIOParseConfig (src/Text/XML/HXT/Arrow/XmlState/TypeDefs.hs:194)
    XIOInputConfig (src/Text/XML/HXT/Arrow/XmlState/TypeDefs.hs:185)
    XIOSysEnv (src/Text/XML/HXT/Arrow/XmlState/TypeDefs.hs:170)
    XIOSysWriter (src/Text/XML/HXT/Arrow/XmlState/TypeDefs.hs:162)
    withoutUserState (src/Text/XML/HXT/Arrow/XmlState/TypeDefs.hs:144)
    theSysState (src/Text/XML/HXT/Arrow/XmlState/TypeDefs.hs:264)
    theUserState (src/Text/XML/HXT/Arrow/XmlState/TypeDefs.hs:269)
    theSysWriter (src/Text/XML/HXT/Arrow/XmlState/TypeDefs.hs:276)
    theErrorStatus (src/Text/XML/HXT/Arrow/XmlState/TypeDefs.hs:281)
    theErrorMsgList (src/Text/XML/HXT/Arrow/XmlState/TypeDefs.hs:288)
    theRelaxNoOfErrors (src/Text/XML/HXT/Arrow/XmlState/TypeDefs.hs:295)
    theRelaxDefineId (src/Text/XML/HXT/Arrow/XmlState/TypeDefs.hs:302)
    theRelaxAttrList (src/Text/XML/HXT/Arrow/XmlState/TypeDefs.hs:309)
    theSysEnv (src/Text/XML/HXT/Arrow/XmlState/TypeDefs.hs:318)
    theInputConfig (src/Text/XML/HXT/Arrow/XmlState/TypeDefs.hs:323)
    theStrictInput (src/Text/XML/HXT/Arrow/XmlState/TypeDefs.hs:330)
    theEncodingErrors (src/Text/XML/HXT/Arrow/XmlState/TypeDefs.hs:337)
    theInputEncoding (src/Text/XML/HXT/Arrow/XmlState/TypeDefs.hs:344)
    theHttpHandler (src/Text/XML/HXT/Arrow/XmlState/TypeDefs.hs:351)
    theInputOptions (src/Text/XML/HXT/Arrow/XmlState/TypeDefs.hs:358)
    theRedirect (src/Text/XML/HXT/Arrow/XmlState/TypeDefs.hs:365)
    theProxy (src/Text/XML/HXT/Arrow/XmlState/TypeDefs.hs:372)
    theOutputConfig (src/Text/XML/HXT/Arrow/XmlState/TypeDefs.hs:381)
    theIndent (src/Text/XML/HXT/Arrow/XmlState/TypeDefs.hs:388)
    theOutputEncoding (src/Text/XML/HXT/Arrow/XmlState/TypeDefs.hs:395)
    theOutputFmt (src/Text/XML/HXT/Arrow/XmlState/TypeDefs.hs:402)
    theXmlPi (src/Text/XML/HXT/Arrow/XmlState/TypeDefs.hs:409)
    theNoEmptyElemFor (src/Text/XML/HXT/Arrow/XmlState/TypeDefs.hs:416)
    theAddDefaultDTD (src/Text/XML/HXT/Arrow/XmlState/TypeDefs.hs:423)
    theTextMode (src/Text/XML/HXT/Arrow/XmlState/TypeDefs.hs:430)
    theShowTree (src/Text/XML/HXT/Arrow/XmlState/TypeDefs.hs:437)
    theShowHaskell (src/Text/XML/HXT/Arrow/XmlState/TypeDefs.hs:444)
    theRelaxConfig (src/Text/XML/HXT/Arrow/XmlState/TypeDefs.hs:453)
    theRelaxValidate (src/Text/XML/HXT/Arrow/XmlState/TypeDefs.hs:460)
    theRelaxSchema (src/Text/XML/HXT/Arrow/XmlState/TypeDefs.hs:467)
    theRelaxCheckRestr (src/Text/XML/HXT/Arrow/XmlState/TypeDefs.hs:474)
    theRelaxValidateExtRef (src/Text/XML/HXT/Arrow/XmlState/TypeDefs.hs:481)
    theRelaxValidateInclude (src/Text/XML/HXT/Arrow/XmlState/TypeDefs.hs:488)
    theRelaxCollectErrors (src/Text/XML/HXT/Arrow/XmlState/TypeDefs.hs:495)
    theRelaxValidator (src/Text/XML/HXT/Arrow/XmlState/TypeDefs.hs:502)
    theXmlSchemaConfig (src/Text/XML/HXT/Arrow/XmlState/TypeDefs.hs:511)
    theXmlSchemaValidate (src/Text/XML/HXT/Arrow/XmlState/TypeDefs.hs:518)
    theXmlSchemaSchema (src/Text/XML/HXT/Arrow/XmlState/TypeDefs.hs:525)
    theXmlSchemaValidator (src/Text/XML/HXT/Arrow/XmlState/TypeDefs.hs:532)
    theParseConfig (src/Text/XML/HXT/Arrow/XmlState/TypeDefs.hs:541)
    theErrorMsgHandler (src/Text/XML/HXT/Arrow/XmlState/TypeDefs.hs:548)
    theErrorMsgCollect (src/Text/XML/HXT/Arrow/XmlState/TypeDefs.hs:555)
    theBaseURI (src/Text/XML/HXT/Arrow/XmlState/TypeDefs.hs:562)
    theDefaultBaseURI (src/Text/XML/HXT/Arrow/XmlState/TypeDefs.hs:569)
    theTraceLevel (src/Text/XML/HXT/Arrow/XmlState/TypeDefs.hs:576)
    theTraceCmd (src/Text/XML/HXT/Arrow/XmlState/TypeDefs.hs:583)
    theTrace (src/Text/XML/HXT/Arrow/XmlState/TypeDefs.hs:590)
    theAttrList (src/Text/XML/HXT/Arrow/XmlState/TypeDefs.hs:593)
    theMimeTypes (src/Text/XML/HXT/Arrow/XmlState/TypeDefs.hs:600)
    theMimeTypeHandlers (src/Text/XML/HXT/Arrow/XmlState/TypeDefs.hs:607)
    theMimeTypeFile (src/Text/XML/HXT/Arrow/XmlState/TypeDefs.hs:614)
    theAcceptedMimeTypes (src/Text/XML/HXT/Arrow/XmlState/TypeDefs.hs:621)
    theFileMimeType (src/Text/XML/HXT/Arrow/XmlState/TypeDefs.hs:628)
    theWarnings (src/Text/XML/HXT/Arrow/XmlState/TypeDefs.hs:635)
    theRemoveWS (src/Text/XML/HXT/Arrow/XmlState/TypeDefs.hs:642)
    thePreserveComment (src/Text/XML/HXT/Arrow/XmlState/TypeDefs.hs:649)
    theParseByMimeType (src/Text/XML/HXT/Arrow/XmlState/TypeDefs.hs:656)
    theParseHTML (src/Text/XML/HXT/Arrow/XmlState/TypeDefs.hs:663)
    theLowerCaseNames (src/Text/XML/HXT/Arrow/XmlState/TypeDefs.hs:670)
    theValidate (src/Text/XML/HXT/Arrow/XmlState/TypeDefs.hs:677)
    theSubstDTDEntities (src/Text/XML/HXT/Arrow/XmlState/TypeDefs.hs:684)
    theSubstHTMLEntities (src/Text/XML/HXT/Arrow/XmlState/TypeDefs.hs:691)
    theCheckNamespaces (src/Text/XML/HXT/Arrow/XmlState/TypeDefs.hs:698)
    theCanonicalize (src/Text/XML/HXT/Arrow/XmlState/TypeDefs.hs:705)
    theIgnoreNoneXmlContents (src/Text/XML/HXT/Arrow/XmlState/TypeDefs.hs:712)
    theTagSoup (src/Text/XML/HXT/Arrow/XmlState/TypeDefs.hs:719)
    theTagSoupParser (src/Text/XML/HXT/Arrow/XmlState/TypeDefs.hs:726)
    theExpat (src/Text/XML/HXT/Arrow/XmlState/TypeDefs.hs:733)
    theExpatParser (src/Text/XML/HXT/Arrow/XmlState/TypeDefs.hs:740)
    theExpatErrors (src/Text/XML/HXT/Arrow/XmlState/TypeDefs.hs:747)
    theCacheConfig (src/Text/XML/HXT/Arrow/XmlState/TypeDefs.hs:756)
    theBinaryCompression (src/Text/XML/HXT/Arrow/XmlState/TypeDefs.hs:763)
    theBinaryDeCompression (src/Text/XML/HXT/Arrow/XmlState/TypeDefs.hs:770)
    theWithCache (src/Text/XML/HXT/Arrow/XmlState/TypeDefs.hs:777)
    theCacheDir (src/Text/XML/HXT/Arrow/XmlState/TypeDefs.hs:784)
    theDocumentAge (src/Text/XML/HXT/Arrow/XmlState/TypeDefs.hs:791)
    theCache404Err (src/Text/XML/HXT/Arrow/XmlState/TypeDefs.hs:798)
    theCacheRead (src/Text/XML/HXT/Arrow/XmlState/TypeDefs.hs:805)
    theStrictDeserialize (src/Text/XML/HXT/Arrow/XmlState/TypeDefs.hs:812)
    getSysVar (src/Text/XML/HXT/Arrow/XmlState/TypeDefs.hs:821)
    setSysVar (src/Text/XML/HXT/Arrow/XmlState/TypeDefs.hs:825)
    chgSysVar (src/Text/XML/HXT/Arrow/XmlState/TypeDefs.hs:828)
    configSysVar (src/Text/XML/HXT/Arrow/XmlState/TypeDefs.hs:831)
    configSysVars (src/Text/XML/HXT/Arrow/XmlState/TypeDefs.hs:835)
    localSysVar (src/Text/XML/HXT/Arrow/XmlState/TypeDefs.hs:838)
    localSysEnv (src/Text/XML/HXT/Arrow/XmlState/TypeDefs.hs:846)
    incrSysVar (src/Text/XML/HXT/Arrow/XmlState/TypeDefs.hs:849)
    setSysAttrString (src/Text/XML/HXT/Arrow/XmlState/TypeDefs.hs:883)
    toInt (src/Text/XML/HXT/Arrow/XmlState/TypeDefs.hs:903)
    chgS (src/Data/Function/Selector.hs:22)
    idS (src/Data/Function/Selector.hs:52)
    .&&&. (src/Data/Function/Selector.hs:55)
 100% (  4 /  4) in 'Text.XML.HXT.Arrow.XmlState.MimeTypeTable'
  15% (  4 / 27) in 'Text.XML.HXT.DOM.XmlNode'
  Missing documentation for:
    XmlNode (src/Text/XML/HXT/DOM/XmlNode.hs:48)
    mkElementNode (src/Text/XML/HXT/DOM/XmlNode.hs:319)
    mkAttrNode (src/Text/XML/HXT/DOM/XmlNode.hs:323)
    mkDTDNode (src/Text/XML/HXT/DOM/XmlNode.hs:327)
    mkElement (src/Text/XML/HXT/DOM/XmlNode.hs:424)
    mkRoot (src/Text/XML/HXT/DOM/XmlNode.hs:428)
    mkAttr (src/Text/XML/HXT/DOM/XmlNode.hs:431)
    mkDTDElem (src/Text/XML/HXT/DOM/XmlNode.hs:435)
    addAttr (src/Text/XML/HXT/DOM/XmlNode.hs:438)
    mergeAttrl (src/Text/XML/HXT/DOM/XmlNode.hs:454)
    mkRoot' (src/Text/XML/HXT/DOM/XmlNode.hs:465)
    mkAttr' (src/Text/XML/HXT/DOM/XmlNode.hs:469)
    mkText' (src/Text/XML/HXT/DOM/XmlNode.hs:473)
    mkCharRef' (src/Text/XML/HXT/DOM/XmlNode.hs:477)
    mkEntityRef' (src/Text/XML/HXT/DOM/XmlNode.hs:481)
    mkCmt' (src/Text/XML/HXT/DOM/XmlNode.hs:485)
    mkCdata' (src/Text/XML/HXT/DOM/XmlNode.hs:489)
    mkPi' (src/Text/XML/HXT/DOM/XmlNode.hs:493)
    mkError' (src/Text/XML/HXT/DOM/XmlNode.hs:497)
    mkDTDElem' (src/Text/XML/HXT/DOM/XmlNode.hs:501)
    toText (src/Text/XML/HXT/DOM/XmlNode.hs:507)
    concText (src/Text/XML/HXT/DOM/XmlNode.hs:523)
    mergeText (src/Text/XML/HXT/DOM/XmlNode.hs:530)
  80% (  4 /  5) in 'Text.XML.HXT.DOM.ShowXml'
  Missing documentation for:
    xshow'' (src/Text/XML/HXT/DOM/ShowXml.hs:73)
  26% (  7 / 27) in 'Text.XML.HXT.Arrow.XmlRegex'
  Missing documentation for:
    XmlRegex (src/Text/XML/HXT/Arrow/XmlRegex.hs:94)
    mkZero (src/Text/XML/HXT/Arrow/XmlRegex.hs:133)
    mkUnit (src/Text/XML/HXT/Arrow/XmlRegex.hs:136)
    mkPrim (src/Text/XML/HXT/Arrow/XmlRegex.hs:139)
    mkPrim' (src/Text/XML/HXT/Arrow/XmlRegex.hs:142)
    mkPrimA (src/Text/XML/HXT/Arrow/XmlRegex.hs:145)
    mkDot (src/Text/XML/HXT/Arrow/XmlRegex.hs:148)
    mkStar (src/Text/XML/HXT/Arrow/XmlRegex.hs:151)
    mkAlt (src/Text/XML/HXT/Arrow/XmlRegex.hs:165)
    mkAlts (src/Text/XML/HXT/Arrow/XmlRegex.hs:181)
    mkSeq (src/Text/XML/HXT/Arrow/XmlRegex.hs:184)
    mkSeqs (src/Text/XML/HXT/Arrow/XmlRegex.hs:192)
    mkRep (src/Text/XML/HXT/Arrow/XmlRegex.hs:195)
    mkRng (src/Text/XML/HXT/Arrow/XmlRegex.hs:201)
    mkOpt (src/Text/XML/HXT/Arrow/XmlRegex.hs:212)
    mkPerm (src/Text/XML/HXT/Arrow/XmlRegex.hs:215)
    mkPerms (src/Text/XML/HXT/Arrow/XmlRegex.hs:222)
    mkMerge (src/Text/XML/HXT/Arrow/XmlRegex.hs:225)
    nullable (src/Text/XML/HXT/Arrow/XmlRegex.hs:265)
    delta (src/Text/XML/HXT/Arrow/XmlRegex.hs:285)
  33% (  1 /  3) in 'Text.XML.HXT.DOM.FormatXmlTree'
  Missing documentation for:
    formatXmlTree (src/Text/XML/HXT/DOM/FormatXmlTree.hs:37)
    formatXmlContents (src/Text/XML/HXT/DOM/FormatXmlTree.hs:33)
 100% (  3 /  3) in 'Text.XML.HXT.Arrow.XmlArrow'
  87% ( 20 / 23) in 'Text.XML.HXT.Arrow.XmlState.ErrorHandling'
  Missing documentation for:
    changeErrorStatus (src/Text/XML/HXT/Arrow/XmlState/ErrorHandling.hs:58)
    addToErrorMsgList (src/Text/XML/HXT/Arrow/XmlState/ErrorHandling.hs:147)
    errorOutputToStderr (src/Text/XML/HXT/Arrow/XmlState/ErrorHandling.hs:246)
  77% ( 33 / 43) in 'Text.XML.HXT.Arrow.XmlState.SystemConfig'
  Missing documentation for:
    withInputOption (src/Text/XML/HXT/Arrow/XmlState/SystemConfig.hs:180)
    withInputOptions (src/Text/XML/HXT/Arrow/XmlState/SystemConfig.hs:183)
    withXmlPi (src/Text/XML/HXT/Arrow/XmlState/SystemConfig.hs:235)
    withNoEmptyElemFor (src/Text/XML/HXT/Arrow/XmlState/SystemConfig.hs:238)
    withAddDefaultDTD (src/Text/XML/HXT/Arrow/XmlState/SystemConfig.hs:241)
    withTextMode (src/Text/XML/HXT/Arrow/XmlState/SystemConfig.hs:244)
    withShowTree (src/Text/XML/HXT/Arrow/XmlState/SystemConfig.hs:247)
    withShowHaskell (src/Text/XML/HXT/Arrow/XmlState/SystemConfig.hs:250)
    yes (src/Text/XML/HXT/Arrow/XmlState/SystemConfig.hs:267)
    no (src/Text/XML/HXT/Arrow/XmlState/SystemConfig.hs:270)
  12% (  7 / 59) in 'Text.XML.HXT.Arrow.XmlOptions'
  Missing documentation for:
    a_accept_mimetypes (src/Text/XML/HXT/Arrow/XmlOptions.hs:137)
    a_add_default_dtd (src/Text/XML/HXT/Arrow/XmlOptions.hs:137)
    a_canonicalize (src/Text/XML/HXT/Arrow/XmlOptions.hs:137)
    a_check_namespaces (src/Text/XML/HXT/Arrow/XmlOptions.hs:137)
    a_collect_errors (src/Text/XML/HXT/Arrow/XmlOptions.hs:137)
    a_default_baseuri (src/Text/XML/HXT/Arrow/XmlOptions.hs:137)
    a_do_not_canonicalize (src/Text/XML/HXT/Arrow/XmlOptions.hs:137)
    a_do_not_check_namespaces (src/Text/XML/HXT/Arrow/XmlOptions.hs:137)
    a_do_not_issue_errors (src/Text/XML/HXT/Arrow/XmlOptions.hs:137)
    a_do_not_issue_warnings (src/Text/XML/HXT/Arrow/XmlOptions.hs:137)
    a_do_not_preserve_comment (src/Text/XML/HXT/Arrow/XmlOptions.hs:137)
    a_do_not_remove_whitespace (src/Text/XML/HXT/Arrow/XmlOptions.hs:137)
    a_do_not_subst_dtd_entities (src/Text/XML/HXT/Arrow/XmlOptions.hs:137)
    a_do_not_subst_html_entities (src/Text/XML/HXT/Arrow/XmlOptions.hs:137)
    a_do_not_validate (src/Text/XML/HXT/Arrow/XmlOptions.hs:137)
    a_error (src/Text/XML/HXT/Arrow/XmlOptions.hs:137)
    a_error_log (src/Text/XML/HXT/Arrow/XmlOptions.hs:137)
    a_help (src/Text/XML/HXT/Arrow/XmlOptions.hs:137)
    a_if_modified_since (src/Text/XML/HXT/Arrow/XmlOptions.hs:137)
    a_if_unmodified_since (src/Text/XML/HXT/Arrow/XmlOptions.hs:137)
    a_ignore_encoding_errors (src/Text/XML/HXT/Arrow/XmlOptions.hs:137)
    a_ignore_none_xml_contents (src/Text/XML/HXT/Arrow/XmlOptions.hs:137)
    a_indent (src/Text/XML/HXT/Arrow/XmlOptions.hs:137)
    a_issue_errors (src/Text/XML/HXT/Arrow/XmlOptions.hs:137)
    a_issue_warnings (src/Text/XML/HXT/Arrow/XmlOptions.hs:137)
    a_mime_types (src/Text/XML/HXT/Arrow/XmlOptions.hs:137)
    a_no_empty_elements (src/Text/XML/HXT/Arrow/XmlOptions.hs:137)
    a_no_empty_elem_for (src/Text/XML/HXT/Arrow/XmlOptions.hs:137)
    a_no_redirect (src/Text/XML/HXT/Arrow/XmlOptions.hs:137)
    a_no_xml_pi (src/Text/XML/HXT/Arrow/XmlOptions.hs:137)
    a_output_file (src/Text/XML/HXT/Arrow/XmlOptions.hs:137)
    a_output_xml (src/Text/XML/HXT/Arrow/XmlOptions.hs:137)
    a_output_html (src/Text/XML/HXT/Arrow/XmlOptions.hs:137)
    a_output_xhtml (src/Text/XML/HXT/Arrow/XmlOptions.hs:137)
    a_output_plain (src/Text/XML/HXT/Arrow/XmlOptions.hs:137)
    a_parse_by_mimetype (src/Text/XML/HXT/Arrow/XmlOptions.hs:137)
    a_parse_html (src/Text/XML/HXT/Arrow/XmlOptions.hs:137)
    a_parse_xml (src/Text/XML/HXT/Arrow/XmlOptions.hs:137)
    a_preserve_comment (src/Text/XML/HXT/Arrow/XmlOptions.hs:137)
    a_proxy (src/Text/XML/HXT/Arrow/XmlOptions.hs:137)
    a_redirect (src/Text/XML/HXT/Arrow/XmlOptions.hs:137)
    a_remove_whitespace (src/Text/XML/HXT/Arrow/XmlOptions.hs:137)
    a_show_haskell (src/Text/XML/HXT/Arrow/XmlOptions.hs:137)
    a_show_tree (src/Text/XML/HXT/Arrow/XmlOptions.hs:137)
    a_strict_input (src/Text/XML/HXT/Arrow/XmlOptions.hs:137)
    a_subst_dtd_entities (src/Text/XML/HXT/Arrow/XmlOptions.hs:137)
    a_subst_html_entities (src/Text/XML/HXT/Arrow/XmlOptions.hs:137)
    a_text_mode (src/Text/XML/HXT/Arrow/XmlOptions.hs:137)
    a_trace (src/Text/XML/HXT/Arrow/XmlOptions.hs:137)
    a_validate (src/Text/XML/HXT/Arrow/XmlOptions.hs:137)
    a_verbose (src/Text/XML/HXT/Arrow/XmlOptions.hs:137)
    removeOptions (src/Text/XML/HXT/Arrow/XmlOptions.hs:250)
  67% (  2 /  3) in 'Text.XML.HXT.Arrow.Binary'
  Missing documentation for:
    readBinaryValue (src/Text/XML/HXT/Arrow/Binary.hs:39)
 100% ( 13 / 13) in 'Text.XML.HXT.Arrow.Namespace'
 100% ( 15 / 15) in 'Text.XML.HXT.DTDValidation.RE'
  28% ( 12 / 43) in 'Text.XML.HXT.DTDValidation.TypeDefs'
  Missing documentation for:
    XmlArrowS (src/Text/XML/HXT/DTDValidation/TypeDefs.hs:50)
    XmlArrow (src/Text/XML/HXT/DTDValidation/TypeDefs.hs:49)
    dtd_name (src/Text/XML/HXT/DTDValidation/TypeDefs.hs:54)
    dtd_value (src/Text/XML/HXT/DTDValidation/TypeDefs.hs:54)
    dtd_type (src/Text/XML/HXT/DTDValidation/TypeDefs.hs:54)
    dtd_kind (src/Text/XML/HXT/DTDValidation/TypeDefs.hs:54)
    dtd_modifier (src/Text/XML/HXT/DTDValidation/TypeDefs.hs:54)
    dtd_default (src/Text/XML/HXT/DTDValidation/TypeDefs.hs:54)
    isUnparsedEntity (src/Text/XML/HXT/DTDValidation/TypeDefs.hs:70)
    hasDTDAttrValue (src/Text/XML/HXT/DTDValidation/TypeDefs.hs:74)
    isRequiredAttrKind (src/Text/XML/HXT/DTDValidation/TypeDefs.hs:78)
    isDefaultAttrKind (src/Text/XML/HXT/DTDValidation/TypeDefs.hs:81)
    isFixedAttrKind (src/Text/XML/HXT/DTDValidation/TypeDefs.hs:84)
    isMixedContentElement (src/Text/XML/HXT/DTDValidation/TypeDefs.hs:87)
    isEmptyElement (src/Text/XML/HXT/DTDValidation/TypeDefs.hs:90)
    isEnumAttrType (src/Text/XML/HXT/DTDValidation/TypeDefs.hs:93)
    isIdAttrType (src/Text/XML/HXT/DTDValidation/TypeDefs.hs:96)
    isIdRefAttrType (src/Text/XML/HXT/DTDValidation/TypeDefs.hs:99)
    isNotationAttrType (src/Text/XML/HXT/DTDValidation/TypeDefs.hs:102)
    isAttlistOfElement (src/Text/XML/HXT/DTDValidation/TypeDefs.hs:105)
    valueOfDTD (src/Text/XML/HXT/DTDValidation/TypeDefs.hs:110)
    valueOf (src/Text/XML/HXT/DTDValidation/TypeDefs.hs:113)
    getDTDAttributes (src/Text/XML/HXT/DTDValidation/TypeDefs.hs:116)
    isDTDDoctypeNode (src/Text/XML/HXT/DTDValidation/TypeDefs.hs:119)
    isDTDElementNode (src/Text/XML/HXT/DTDValidation/TypeDefs.hs:122)
    isDTDAttlistNode (src/Text/XML/HXT/DTDValidation/TypeDefs.hs:125)
    isDTDContentNode (src/Text/XML/HXT/DTDValidation/TypeDefs.hs:128)
    isDTDNameNode (src/Text/XML/HXT/DTDValidation/TypeDefs.hs:131)
    isElemNode (src/Text/XML/HXT/DTDValidation/TypeDefs.hs:134)
    nameOfAttr (src/Text/XML/HXT/DTDValidation/TypeDefs.hs:137)
    nameOfElem (src/Text/XML/HXT/DTDValidation/TypeDefs.hs:140)
  33% (  1 /  3) in 'Text.XML.HXT.IO.GetFILE'
  Missing documentation for:
    getStdinCont (src/Text/XML/HXT/IO/GetFILE.hs:41)
    getCont (src/Text/XML/HXT/IO/GetFILE.hs:62)
  50% (  1 /  2) in 'Text.XML.HXT.Parser.ProtocolHandlerUtil'
  Missing documentation for:
    Module header
  64% (  9 / 14) in 'Text.XML.HXT.Parser.XmlCharParser'
  Missing documentation for:
    XParser (src/Text/XML/HXT/Parser/XmlCharParser.hs:48)
    SimpleXParser (src/Text/XML/HXT/Parser/XmlCharParser.hs:49)
    XPState (src/Text/XML/HXT/Parser/XmlCharParser.hs:51)
    withNormNewline (src/Text/XML/HXT/Parser/XmlCharParser.hs:56)
    withoutNormNewline (src/Text/XML/HXT/Parser/XmlCharParser.hs:59)
 100% (  2 /  2) in 'Text.XML.HXT.Parser.XmlEntities'
 100% (  2 /  2) in 'Text.XML.HXT.Parser.XhtmlEntities'
   2% (  1 / 58) in 'Text.XML.HXT.Parser.XmlTokenParser'
  Missing documentation for:
    allBut (src/Text/XML/HXT/Parser/XmlTokenParser.hs:443)
    allBut1 (src/Text/XML/HXT/Parser/XmlTokenParser.hs:447)
    amp (src/Text/XML/HXT/Parser/XmlTokenParser.hs:392)
    asciiLetter (src/Text/XML/HXT/Parser/XmlTokenParser.hs:147)
    attrChar (src/Text/XML/HXT/Parser/XmlTokenParser.hs:253)
    attrValue (src/Text/XML/HXT/Parser/XmlTokenParser.hs:232)
    bar (src/Text/XML/HXT/Parser/XmlTokenParser.hs:418)
    charRef (src/Text/XML/HXT/Parser/XmlTokenParser.hs:310)
    checkString (src/Text/XML/HXT/Parser/XmlTokenParser.hs:434)
    comma (src/Text/XML/HXT/Parser/XmlTokenParser.hs:418)
    dq (src/Text/XML/HXT/Parser/XmlTokenParser.hs:392)
    encName (src/Text/XML/HXT/Parser/XmlTokenParser.hs:348)
    entityRef (src/Text/XML/HXT/Parser/XmlTokenParser.hs:325)
    entityValue (src/Text/XML/HXT/Parser/XmlTokenParser.hs:211)
    eq (src/Text/XML/HXT/Parser/XmlTokenParser.hs:418)
    gt (src/Text/XML/HXT/Parser/XmlTokenParser.hs:392)
    keyword (src/Text/XML/HXT/Parser/XmlTokenParser.hs:364)
    keywords (src/Text/XML/HXT/Parser/XmlTokenParser.hs:374)
    lpar (src/Text/XML/HXT/Parser/XmlTokenParser.hs:418)
    lt (src/Text/XML/HXT/Parser/XmlTokenParser.hs:392)
    name (src/Text/XML/HXT/Parser/XmlTokenParser.hs:154)
    names (src/Text/XML/HXT/Parser/XmlTokenParser.hs:189)
    ncName (src/Text/XML/HXT/Parser/XmlTokenParser.hs:164)
    nmtoken (src/Text/XML/HXT/Parser/XmlTokenParser.hs:184)
    nmtokens (src/Text/XML/HXT/Parser/XmlTokenParser.hs:193)
    peReference (src/Text/XML/HXT/Parser/XmlTokenParser.hs:334)
    pubidLiteral (src/Text/XML/HXT/Parser/XmlTokenParser.hs:267)
    qName (src/Text/XML/HXT/Parser/XmlTokenParser.hs:174)
    quoted (src/Text/XML/HXT/Parser/XmlTokenParser.hs:382)
    reference (src/Text/XML/HXT/Parser/XmlTokenParser.hs:290)
    rpar (src/Text/XML/HXT/Parser/XmlTokenParser.hs:418)
    semi (src/Text/XML/HXT/Parser/XmlTokenParser.hs:392)
    separator (src/Text/XML/HXT/Parser/XmlTokenParser.hs:408)
    singleChar (src/Text/XML/HXT/Parser/XmlTokenParser.hs:201)
    singleChars (src/Text/XML/HXT/Parser/XmlTokenParser.hs:207)
    skipS (src/Text/XML/HXT/Parser/XmlTokenParser.hs:135)
    skipS0 (src/Text/XML/HXT/Parser/XmlTokenParser.hs:139)
    sPace (src/Text/XML/HXT/Parser/XmlTokenParser.hs:127)
    sPace0 (src/Text/XML/HXT/Parser/XmlTokenParser.hs:131)
    sq (src/Text/XML/HXT/Parser/XmlTokenParser.hs:392)
    systemLiteral (src/Text/XML/HXT/Parser/XmlTokenParser.hs:260)
    versionNum (src/Text/XML/HXT/Parser/XmlTokenParser.hs:355)
    concRes (src/Text/XML/HXT/Parser/XmlTokenParser.hs:468)
    mkList (src/Text/XML/HXT/Parser/XmlTokenParser.hs:474)
    nameT (src/Text/XML/HXT/Parser/XmlTokenParser.hs:488)
    nmtokenT (src/Text/XML/HXT/Parser/XmlTokenParser.hs:494)
    entityValueT (src/Text/XML/HXT/Parser/XmlTokenParser.hs:501)
    entityTokensT (src/Text/XML/HXT/Parser/XmlTokenParser.hs:512)
    entityCharT (src/Text/XML/HXT/Parser/XmlTokenParser.hs:516)
    attrValueT (src/Text/XML/HXT/Parser/XmlTokenParser.hs:529)
    attrValueT' (src/Text/XML/HXT/Parser/XmlTokenParser.hs:536)
    referenceT (src/Text/XML/HXT/Parser/XmlTokenParser.hs:550)
    charRefT (src/Text/XML/HXT/Parser/XmlTokenParser.hs:556)
    entityRefT (src/Text/XML/HXT/Parser/XmlTokenParser.hs:562)
    peReferenceT (src/Text/XML/HXT/Parser/XmlTokenParser.hs:589)
    singleCharsT (src/Text/XML/HXT/Parser/XmlTokenParser.hs:540)
    mergeTextNodes (src/Text/XML/HXT/Parser/XmlTokenParser.hs:597)
  11% (  1 /  9) in 'Text.XML.HXT.Parser.XmlDTDTokenParser'
  Missing documentation for:
    dtdDeclTokenizer (src/Text/XML/HXT/Parser/XmlDTDTokenParser.hs:33)
    dtdDeclStart (src/Text/XML/HXT/Parser/XmlDTDTokenParser.hs:41)
    dtdDeclEnd (src/Text/XML/HXT/Parser/XmlDTDTokenParser.hs:64)
    dtdToken (src/Text/XML/HXT/Parser/XmlDTDTokenParser.hs:70)
    peReference (src/Text/XML/HXT/Parser/XmlDTDTokenParser.hs:81)
    entityValue (src/Text/XML/HXT/Parser/XmlDTDTokenParser.hs:87)
    dtdChars (src/Text/XML/HXT/Parser/XmlDTDTokenParser.hs:93)
    percent (src/Text/XML/HXT/Parser/XmlDTDTokenParser.hs:99)
  31% ( 11 / 36) in 'Text.XML.HXT.Parser.XmlParsec'
  Missing documentation for:
    charData (src/Text/XML/HXT/Parser/XmlParsec.hs:106)
    charData' (src/Text/XML/HXT/Parser/XmlParsec.hs:110)
    comment (src/Text/XML/HXT/Parser/XmlParsec.hs:120)
    pI (src/Text/XML/HXT/Parser/XmlParsec.hs:141)
    cDSect (src/Text/XML/HXT/Parser/XmlParsec.hs:173)
    document (src/Text/XML/HXT/Parser/XmlParsec.hs:194)
    document' (src/Text/XML/HXT/Parser/XmlParsec.hs:204)
    prolog (src/Text/XML/HXT/Parser/XmlParsec.hs:213)
    xMLDecl (src/Text/XML/HXT/Parser/XmlParsec.hs:222)
    xMLDecl' (src/Text/XML/HXT/Parser/XmlParsec.hs:234)
    versionInfo (src/Text/XML/HXT/Parser/XmlParsec.hs:246)
    misc (src/Text/XML/HXT/Parser/XmlParsec.hs:261)
    doctypedecl (src/Text/XML/HXT/Parser/XmlParsec.hs:277)
    markupdecl (src/Text/XML/HXT/Parser/XmlParsec.hs:319)
    sDDecl (src/Text/XML/HXT/Parser/XmlParsec.hs:333)
    element (src/Text/XML/HXT/Parser/XmlParsec.hs:350)
    content (src/Text/XML/HXT/Parser/XmlParsec.hs:450)
    contentWithTextDecl (src/Text/XML/HXT/Parser/XmlParsec.hs:482)
    textDecl (src/Text/XML/HXT/Parser/XmlParsec.hs:554)
    encodingDecl (src/Text/XML/HXT/Parser/XmlParsec.hs:576)
    xreadDoc (src/Text/XML/HXT/Parser/XmlParsec.hs:608)
    parseXmlDocEncodingSpec (src/Text/XML/HXT/Parser/XmlParsec.hs:768)
    parseXmlDocument (src/Text/XML/HXT/Parser/XmlParsec.hs:635)
    parseXmlEntityEncodingSpec (src/Text/XML/HXT/Parser/XmlParsec.hs:765)
    removeEncodingSpec (src/Text/XML/HXT/Parser/XmlParsec.hs:646)
 100% (  3 /  3) in 'Text.XML.HXT.DTDValidation.AttributeValueValidation'
 100% (  2 /  2) in 'Text.XML.HXT.DTDValidation.IdValidation'
 100% (  2 /  2) in 'Text.XML.HXT.DTDValidation.DocTransformation'
 100% (  3 /  3) in 'Text.XML.HXT.DTDValidation.DTDValidation'
  25% (  2 /  8) in 'Text.XML.HXT.Parser.XmlDTDParser'
  Missing documentation for:
    parseXmlDTDdeclPart (src/Text/XML/HXT/Parser/XmlDTDParser.hs:617)
    parseXmlDTDEntityValue (src/Text/XML/HXT/Parser/XmlDTDParser.hs:590)
    elementDecl (src/Text/XML/HXT/Parser/XmlDTDParser.hs:182)
    attlistDecl (src/Text/XML/HXT/Parser/XmlDTDParser.hs:323)
    entityDecl (src/Text/XML/HXT/Parser/XmlDTDParser.hs:421)
    notationDecl (src/Text/XML/HXT/Parser/XmlDTDParser.hs:520)
  12% (  1 /  8) in 'Text.XML.HXT.Parser.HtmlParsec'
  Missing documentation for:
    parseHtmlText (src/Text/XML/HXT/Parser/HtmlParsec.hs:114)
    parseHtmlDocument (src/Text/XML/HXT/Parser/HtmlParsec.hs:123)
    parseHtmlContent (src/Text/XML/HXT/Parser/HtmlParsec.hs:126)
    isEmptyHtmlTag (src/Text/XML/HXT/Parser/HtmlParsec.hs:545)
    isInnerHtmlTagOf (src/Text/XML/HXT/Parser/HtmlParsec.hs:566)
    closesHtmlTag (src/Text/XML/HXT/Parser/HtmlParsec.hs:593)
    emptyHtmlTags (src/Text/XML/HXT/Parser/HtmlParsec.hs:550)
   6% (  1 / 16) in 'Text.XML.HXT.Arrow.ParserInterface'
  Missing documentation for:
    parseXmlDoc (src/Text/XML/HXT/Arrow/ParserInterface.hs:32)
    parseXmlDTDPart (src/Text/XML/HXT/Arrow/ParserInterface.hs:35)
    xreadCont (src/Text/XML/HXT/Arrow/ParserInterface.hs:38)
    xreadDoc (src/Text/XML/HXT/Arrow/ParserInterface.hs:41)
    parseXmlDocEncodingSpec (src/Text/XML/HXT/Arrow/ParserInterface.hs:44)
    parseXmlEntityEncodingSpec (src/Text/XML/HXT/Arrow/ParserInterface.hs:44)
    removeEncodingSpec (src/Text/XML/HXT/Arrow/ParserInterface.hs:44)
    parseXmlDTDdeclPart (src/Text/XML/HXT/Arrow/ParserInterface.hs:53)
    parseXmlDTDdecl (src/Text/XML/HXT/Arrow/ParserInterface.hs:56)
    parseXmlDTDEntityValue (src/Text/XML/HXT/Arrow/ParserInterface.hs:59)
    parseXmlEntityValueAsContent (src/Text/XML/HXT/Arrow/ParserInterface.hs:62)
    parseXmlEntityValueAsAttrValue (src/Text/XML/HXT/Arrow/ParserInterface.hs:65)
    parseHtmlDoc (src/Text/XML/HXT/Arrow/ParserInterface.hs:70)
    hread (src/Text/XML/HXT/Arrow/ParserInterface.hs:73)
    hreadDoc (src/Text/XML/HXT/Arrow/ParserInterface.hs:76)
  74% ( 26 / 35) in 'Text.XML.HXT.Arrow.Edit'
  Missing documentation for:
    escapeXmlRefs (src/Text/XML/HXT/Arrow/Edit.hs:303)
    escapeHtmlRefs (src/Text/XML/HXT/Arrow/Edit.hs:318)
    addHeadlineToXmlDoc (src/Text/XML/HXT/Arrow/Edit.hs:405)
    preventEmptyElements (src/Text/XML/HXT/Arrow/Edit.hs:344)
    substAllXHTMLEntityRefs (src/Text/XML/HXT/Arrow/Edit.hs:296)
    substXHTMLEntityRef (src/Text/XML/HXT/Arrow/Edit.hs:283)
    rememberDTDAttrl (src/Text/XML/HXT/Arrow/Edit.hs:678)
    addDefaultDTDecl (src/Text/XML/HXT/Arrow/Edit.hs:689)
    hasXmlPi (src/Text/XML/HXT/Arrow/Edit.hs:711)
 100% ( 14 / 14) in 'Text.XML.HXT.DTDValidation.XmlRE'
 100% (  2 /  2) in 'Text.XML.HXT.DTDValidation.DocValidation'
  75% (  6 /  8) in 'Text.XML.HXT.DTDValidation.Validation'
  Missing documentation for:
    getDTDSubset (src/Text/XML/HXT/DTDValidation/Validation.hs:125)
    generalEntitiesDefined (src/Text/XML/HXT/DTDValidation/Validation.hs:130)
  93% ( 13 / 14) in 'Text.XML.HXT.Arrow.XmlState.TraceHandling'
  Missing documentation for:
    traceOutputToStderr (src/Text/XML/HXT/Arrow/XmlState/TraceHandling.hs:143)
 100% ( 19 / 19) in 'Text.XML.HXT.Arrow.XmlState.URIHandling'
  14% (  3 / 21) in 'Text.XML.HXT.Arrow.XmlState.RunIOStateArrow'
  Missing documentation for:
    runXIOState (src/Text/XML/HXT/Arrow/XmlState/RunIOStateArrow.hs:50)
    initialSysState (src/Text/XML/HXT/Arrow/XmlState/RunIOStateArrow.hs:69)
    initialSysWriter (src/Text/XML/HXT/Arrow/XmlState/RunIOStateArrow.hs:75)
    initialSysEnv (src/Text/XML/HXT/Arrow/XmlState/RunIOStateArrow.hs:85)
    initialInputConfig (src/Text/XML/HXT/Arrow/XmlState/RunIOStateArrow.hs:102)
    initialParseConfig (src/Text/XML/HXT/Arrow/XmlState/RunIOStateArrow.hs:113)
    initialOutputConfig (src/Text/XML/HXT/Arrow/XmlState/RunIOStateArrow.hs:138)
    initialRelaxConfig (src/Text/XML/HXT/Arrow/XmlState/RunIOStateArrow.hs:151)
    initialXmlSchemaConfig (src/Text/XML/HXT/Arrow/XmlState/RunIOStateArrow.hs:162)
    initialCacheConfig (src/Text/XML/HXT/Arrow/XmlState/RunIOStateArrow.hs:169)
    dummyHTTPHandler (src/Text/XML/HXT/Arrow/XmlState/RunIOStateArrow.hs:183)
    dummyTagSoupParser (src/Text/XML/HXT/Arrow/XmlState/RunIOStateArrow.hs:197)
    dummyExpatParser (src/Text/XML/HXT/Arrow/XmlState/RunIOStateArrow.hs:205)
    dummyRelaxValidator (src/Text/XML/HXT/Arrow/XmlState/RunIOStateArrow.hs:213)
    dummyXmlSchemaValidator (src/Text/XML/HXT/Arrow/XmlState/RunIOStateArrow.hs:221)
    dummyCacheRead (src/Text/XML/HXT/Arrow/XmlState/RunIOStateArrow.hs:229)
    getConfigAttr (src/Text/XML/HXT/Arrow/XmlState/RunIOStateArrow.hs:239)
    theSysConfigComp (src/Text/XML/HXT/Arrow/XmlState/RunIOStateArrow.hs:247)
  87% (108 /124) in 'Text.XML.HXT.Arrow.XmlState'
  Missing documentation for:
    SysConfig (src/Text/XML/HXT/Arrow/XmlState/TypeDefs.hs:259)
    SysConfigList (src/Text/XML/HXT/Arrow/XmlState/TypeDefs.hs:260)
    withoutUserState (src/Text/XML/HXT/Arrow/XmlState/TypeDefs.hs:144)
    configSysVars (src/Text/XML/HXT/Arrow/XmlState/TypeDefs.hs:835)
    setSysAttrString (src/Text/XML/HXT/Arrow/XmlState/TypeDefs.hs:883)
    getConfigAttr (src/Text/XML/HXT/Arrow/XmlState/RunIOStateArrow.hs:239)
    yes (src/Text/XML/HXT/Arrow/XmlState/SystemConfig.hs:267)
    no (src/Text/XML/HXT/Arrow/XmlState/SystemConfig.hs:270)
    withAddDefaultDTD (src/Text/XML/HXT/Arrow/XmlState/SystemConfig.hs:241)
    withInputOption (src/Text/XML/HXT/Arrow/XmlState/SystemConfig.hs:180)
    withInputOptions (src/Text/XML/HXT/Arrow/XmlState/SystemConfig.hs:183)
    withNoEmptyElemFor (src/Text/XML/HXT/Arrow/XmlState/SystemConfig.hs:238)
    withXmlPi (src/Text/XML/HXT/Arrow/XmlState/SystemConfig.hs:235)
    withShowHaskell (src/Text/XML/HXT/Arrow/XmlState/SystemConfig.hs:250)
    withShowTree (src/Text/XML/HXT/Arrow/XmlState/SystemConfig.hs:247)
    withTextMode (src/Text/XML/HXT/Arrow/XmlState/SystemConfig.hs:244)
  29% (  2 /  7) in 'Text.XML.HXT.Arrow.DocumentInput'
  Missing documentation for:
    getXmlEntityContents (src/Text/XML/HXT/Arrow/DocumentInput.hs:253)
    getEncoding (src/Text/XML/HXT/Arrow/DocumentInput.hs:317)
    getTextEncoding (src/Text/XML/HXT/Arrow/DocumentInput.hs:329)
    decodeDocument (src/Text/XML/HXT/Arrow/DocumentInput.hs:339)
    addInputError (src/Text/XML/HXT/Arrow/DocumentInput.hs:132)
 100% (  2 /  2) in 'Text.XML.HXT.Arrow.GeneralEntitySubstitution'
  67% (  4 /  6) in 'Text.XML.HXT.Arrow.DocumentOutput'
  Missing documentation for:
    encodeDocument (src/Text/XML/HXT/Arrow/DocumentOutput.hs:165)
    encodeDocument' (src/Text/XML/HXT/Arrow/DocumentOutput.hs:208)
  80% (  4 /  5) in 'Text.XML.HXT.Arrow.WriteDocument'
  Missing documentation for:
    writeDocument' (src/Text/XML/HXT/Arrow/WriteDocument.hs:162)
 100% (  2 /  2) in 'Text.XML.HXT.Arrow.DTDProcessing'
  75% (  6 /  8) in 'Text.XML.HXT.Arrow.ProcessDocument'
  Missing documentation for:
    parseXmlDocumentWithExpat (src/Text/XML/HXT/Arrow/ProcessDocument.hs:157)
    andValidateNamespaces (src/Text/XML/HXT/Arrow/ProcessDocument.hs:299)
 100% (  9 /  9) in 'Text.XML.HXT.Arrow.ReadDocument'
   0% (  0 /  2) in 'Text.XML.HXT.Version'
  Missing documentation for:
    Module header
    hxt_version (src/Text/XML/HXT/Version.hs:3)
   3% (  2 / 58) in 'Text.XML.HXT.XMLSchema.DataTypeLibW3CNames'
  Missing documentation for:
    xsd_string (src/Text/XML/HXT/XMLSchema/DataTypeLibW3CNames.hs:29)
    xsd_normalizedString (src/Text/XML/HXT/XMLSchema/DataTypeLibW3CNames.hs:29)
    xsd_token (src/Text/XML/HXT/XMLSchema/DataTypeLibW3CNames.hs:29)
    xsd_language (src/Text/XML/HXT/XMLSchema/DataTypeLibW3CNames.hs:29)
    xsd_NMTOKEN (src/Text/XML/HXT/XMLSchema/DataTypeLibW3CNames.hs:29)
    xsd_NMTOKENS (src/Text/XML/HXT/XMLSchema/DataTypeLibW3CNames.hs:29)
    xsd_Name (src/Text/XML/HXT/XMLSchema/DataTypeLibW3CNames.hs:29)
    xsd_NCName (src/Text/XML/HXT/XMLSchema/DataTypeLibW3CNames.hs:29)
    xsd_ID (src/Text/XML/HXT/XMLSchema/DataTypeLibW3CNames.hs:29)
    xsd_IDREF (src/Text/XML/HXT/XMLSchema/DataTypeLibW3CNames.hs:29)
    xsd_IDREFS (src/Text/XML/HXT/XMLSchema/DataTypeLibW3CNames.hs:29)
    xsd_ENTITY (src/Text/XML/HXT/XMLSchema/DataTypeLibW3CNames.hs:29)
    xsd_ENTITIES (src/Text/XML/HXT/XMLSchema/DataTypeLibW3CNames.hs:29)
    xsd_anyURI (src/Text/XML/HXT/XMLSchema/DataTypeLibW3CNames.hs:29)
    xsd_QName (src/Text/XML/HXT/XMLSchema/DataTypeLibW3CNames.hs:29)
    xsd_NOTATION (src/Text/XML/HXT/XMLSchema/DataTypeLibW3CNames.hs:29)
    xsd_hexBinary (src/Text/XML/HXT/XMLSchema/DataTypeLibW3CNames.hs:29)
    xsd_base64Binary (src/Text/XML/HXT/XMLSchema/DataTypeLibW3CNames.hs:29)
    xsd_decimal (src/Text/XML/HXT/XMLSchema/DataTypeLibW3CNames.hs:29)
    xsd_integer (src/Text/XML/HXT/XMLSchema/DataTypeLibW3CNames.hs:29)
    xsd_nonPositiveInteger (src/Text/XML/HXT/XMLSchema/DataTypeLibW3CNames.hs:29)
    xsd_negativeInteger (src/Text/XML/HXT/XMLSchema/DataTypeLibW3CNames.hs:29)
    xsd_nonNegativeInteger (src/Text/XML/HXT/XMLSchema/DataTypeLibW3CNames.hs:29)
    xsd_positiveInteger (src/Text/XML/HXT/XMLSchema/DataTypeLibW3CNames.hs:29)
    xsd_long (src/Text/XML/HXT/XMLSchema/DataTypeLibW3CNames.hs:29)
    xsd_int (src/Text/XML/HXT/XMLSchema/DataTypeLibW3CNames.hs:29)
    xsd_short (src/Text/XML/HXT/XMLSchema/DataTypeLibW3CNames.hs:29)
    xsd_byte (src/Text/XML/HXT/XMLSchema/DataTypeLibW3CNames.hs:29)
    xsd_unsignedLong (src/Text/XML/HXT/XMLSchema/DataTypeLibW3CNames.hs:29)
    xsd_unsignedInt (src/Text/XML/HXT/XMLSchema/DataTypeLibW3CNames.hs:29)
    xsd_unsignedShort (src/Text/XML/HXT/XMLSchema/DataTypeLibW3CNames.hs:29)
    xsd_unsignedByte (src/Text/XML/HXT/XMLSchema/DataTypeLibW3CNames.hs:29)
    xsd_boolean (src/Text/XML/HXT/XMLSchema/DataTypeLibW3CNames.hs:29)
    xsd_float (src/Text/XML/HXT/XMLSchema/DataTypeLibW3CNames.hs:29)
    xsd_double (src/Text/XML/HXT/XMLSchema/DataTypeLibW3CNames.hs:29)
    xsd_time (src/Text/XML/HXT/XMLSchema/DataTypeLibW3CNames.hs:29)
    xsd_duration (src/Text/XML/HXT/XMLSchema/DataTypeLibW3CNames.hs:29)
    xsd_date (src/Text/XML/HXT/XMLSchema/DataTypeLibW3CNames.hs:29)
    xsd_dateTime (src/Text/XML/HXT/XMLSchema/DataTypeLibW3CNames.hs:29)
    xsd_gDay (src/Text/XML/HXT/XMLSchema/DataTypeLibW3CNames.hs:29)
    xsd_gMonth (src/Text/XML/HXT/XMLSchema/DataTypeLibW3CNames.hs:29)
    xsd_gMonthDay (src/Text/XML/HXT/XMLSchema/DataTypeLibW3CNames.hs:29)
    xsd_gYear (src/Text/XML/HXT/XMLSchema/DataTypeLibW3CNames.hs:29)
    xsd_gYearMonth (src/Text/XML/HXT/XMLSchema/DataTypeLibW3CNames.hs:29)
    xsd_length (src/Text/XML/HXT/XMLSchema/DataTypeLibW3CNames.hs:121)
    xsd_maxLength (src/Text/XML/HXT/XMLSchema/DataTypeLibW3CNames.hs:121)
    xsd_minLength (src/Text/XML/HXT/XMLSchema/DataTypeLibW3CNames.hs:121)
    xsd_maxExclusive (src/Text/XML/HXT/XMLSchema/DataTypeLibW3CNames.hs:121)
    xsd_minExclusive (src/Text/XML/HXT/XMLSchema/DataTypeLibW3CNames.hs:121)
    xsd_maxInclusive (src/Text/XML/HXT/XMLSchema/DataTypeLibW3CNames.hs:121)
    xsd_minInclusive (src/Text/XML/HXT/XMLSchema/DataTypeLibW3CNames.hs:121)
    xsd_totalDigits (src/Text/XML/HXT/XMLSchema/DataTypeLibW3CNames.hs:121)
    xsd_fractionDigits (src/Text/XML/HXT/XMLSchema/DataTypeLibW3CNames.hs:121)
    xsd_pattern (src/Text/XML/HXT/XMLSchema/DataTypeLibW3CNames.hs:121)
    xsd_enumeration (src/Text/XML/HXT/XMLSchema/DataTypeLibW3CNames.hs:121)
    xsd_whiteSpace (src/Text/XML/HXT/XMLSchema/DataTypeLibW3CNames.hs:121)
  14% (  5 / 37) in 'Text.XML.HXT.Arrow.Pickle.Schema'
  Missing documentation for:
    Name (src/Text/XML/HXT/Arrow/Pickle/Schema.hs:56)
    Schemas (src/Text/XML/HXT/Arrow/Pickle/Schema.hs:57)
    DataTypeDescr (src/Text/XML/HXT/Arrow/Pickle/Schema.hs:59)
    isScEnum (src/Text/XML/HXT/Arrow/Pickle/Schema.hs:91)
    isScElem (src/Text/XML/HXT/Arrow/Pickle/Schema.hs:96)
    isScAttr (src/Text/XML/HXT/Arrow/Pickle/Schema.hs:100)
    isScElemRef (src/Text/XML/HXT/Arrow/Pickle/Schema.hs:104)
    isScCharData (src/Text/XML/HXT/Arrow/Pickle/Schema.hs:108)
    isScSARE (src/Text/XML/HXT/Arrow/Pickle/Schema.hs:112)
    isScList (src/Text/XML/HXT/Arrow/Pickle/Schema.hs:119)
    isScOpt (src/Text/XML/HXT/Arrow/Pickle/Schema.hs:123)
    scDT (src/Text/XML/HXT/Arrow/Pickle/Schema.hs:142)
    scDTxsd (src/Text/XML/HXT/Arrow/Pickle/Schema.hs:145)
    scString (src/Text/XML/HXT/Arrow/Pickle/Schema.hs:148)
    scString1 (src/Text/XML/HXT/Arrow/Pickle/Schema.hs:151)
    scFixed (src/Text/XML/HXT/Arrow/Pickle/Schema.hs:154)
    scEnum (src/Text/XML/HXT/Arrow/Pickle/Schema.hs:157)
    scNmtoken (src/Text/XML/HXT/Arrow/Pickle/Schema.hs:160)
    scNmtokens (src/Text/XML/HXT/Arrow/Pickle/Schema.hs:163)
    scEmpty (src/Text/XML/HXT/Arrow/Pickle/Schema.hs:168)
    scSeq (src/Text/XML/HXT/Arrow/Pickle/Schema.hs:171)
    scSeqs (src/Text/XML/HXT/Arrow/Pickle/Schema.hs:179)
    scNull (src/Text/XML/HXT/Arrow/Pickle/Schema.hs:182)
    scAlt (src/Text/XML/HXT/Arrow/Pickle/Schema.hs:185)
    scAlts (src/Text/XML/HXT/Arrow/Pickle/Schema.hs:193)
    scOption (src/Text/XML/HXT/Arrow/Pickle/Schema.hs:196)
    scList (src/Text/XML/HXT/Arrow/Pickle/Schema.hs:203)
    scList1 (src/Text/XML/HXT/Arrow/Pickle/Schema.hs:206)
    scOpt (src/Text/XML/HXT/Arrow/Pickle/Schema.hs:209)
    scRep (src/Text/XML/HXT/Arrow/Pickle/Schema.hs:212)
    scElem (src/Text/XML/HXT/Arrow/Pickle/Schema.hs:215)
    scAttr (src/Text/XML/HXT/Arrow/Pickle/Schema.hs:218)
  61% ( 58 / 95) in 'Text.XML.HXT.Arrow.Pickle.Xml'
  Missing documentation for:
    St (src/Text/XML/HXT/Arrow/Pickle/Xml.hs:97)
    PU (src/Text/XML/HXT/Arrow/Pickle/Xml.hs:104)
    Pickler (src/Text/XML/HXT/Arrow/Pickle/Xml.hs:113)
    Unpickler (src/Text/XML/HXT/Arrow/Pickle/Xml.hs:119)
    UnpickleVal (src/Text/XML/HXT/Arrow/Pickle/Xml.hs:121)
    UnpickleErr (src/Text/XML/HXT/Arrow/Pickle/Xml.hs:123)
    throwMsg (src/Text/XML/HXT/Arrow/Pickle/Xml.hs:163)
    getCont (src/Text/XML/HXT/Arrow/Pickle/Xml.hs:200)
    getAtt (src/Text/XML/HXT/Arrow/Pickle/Xml.hs:207)
    getNSAtt (src/Text/XML/HXT/Arrow/Pickle/Xml.hs:221)
    emptySt (src/Text/XML/HXT/Arrow/Pickle/Xml.hs:236)
    putAtt (src/Text/XML/HXT/Arrow/Pickle/Xml.hs:244)
    putCont (src/Text/XML/HXT/Arrow/Pickle/Xml.hs:250)
    findElem (src/Text/XML/HXT/Arrow/Pickle/Xml.hs:258)
    xpLift (src/Text/XML/HXT/Arrow/Pickle/Xml.hs:404)
    xpLiftEither (src/Text/XML/HXT/Arrow/Pickle/Xml.hs:420)
    xp8Tuple (src/Text/XML/HXT/Arrow/Pickle/Xml.hs:557)
    xp9Tuple (src/Text/XML/HXT/Arrow/Pickle/Xml.hs:565)
    xp10Tuple (src/Text/XML/HXT/Arrow/Pickle/Xml.hs:573)
    xp11Tuple (src/Text/XML/HXT/Arrow/Pickle/Xml.hs:582)
    xp12Tuple (src/Text/XML/HXT/Arrow/Pickle/Xml.hs:591)
    xp13Tuple (src/Text/XML/HXT/Arrow/Pickle/Xml.hs:600)
    xp14Tuple (src/Text/XML/HXT/Arrow/Pickle/Xml.hs:609)
    xp15Tuple (src/Text/XML/HXT/Arrow/Pickle/Xml.hs:618)
    xp16Tuple (src/Text/XML/HXT/Arrow/Pickle/Xml.hs:628)
    xp17Tuple (src/Text/XML/HXT/Arrow/Pickle/Xml.hs:638)
    xp18Tuple (src/Text/XML/HXT/Arrow/Pickle/Xml.hs:648)
    xp19Tuple (src/Text/XML/HXT/Arrow/Pickle/Xml.hs:658)
    xp20Tuple (src/Text/XML/HXT/Arrow/Pickle/Xml.hs:668)
    xp21Tuple (src/Text/XML/HXT/Arrow/Pickle/Xml.hs:679)
    xp22Tuple (src/Text/XML/HXT/Arrow/Pickle/Xml.hs:690)
    xp23Tuple (src/Text/XML/HXT/Arrow/Pickle/Xml.hs:701)
    xpAttrFixed (src/Text/XML/HXT/Arrow/Pickle/Xml.hs:1060)
    xpAttrNSDecl (src/Text/XML/HXT/Arrow/Pickle/Xml.hs:1097)
    xpIgnoreCont (src/Text/XML/HXT/Arrow/Pickle/Xml.hs:1106)
    xpIgnoreAttr (src/Text/XML/HXT/Arrow/Pickle/Xml.hs:1109)
    xpIgnoreInput (src/Text/XML/HXT/Arrow/Pickle/Xml.hs:1127)
  14% (  3 / 22) in 'Text.XML.HXT.Arrow.Pickle.DTD'
  Missing documentation for:
    DTDdescr (src/Text/XML/HXT/Arrow/Pickle/DTD.hs:35)
    checkAttrModell (src/Text/XML/HXT/Arrow/Pickle/DTD.hs:92)
    checkAM (src/Text/XML/HXT/Arrow/Pickle/DTD.hs:95)
    checkAMC (src/Text/XML/HXT/Arrow/Pickle/DTD.hs:99)
    checkContentModell (src/Text/XML/HXT/Arrow/Pickle/DTD.hs:120)
    scContToXml (src/Text/XML/HXT/Arrow/Pickle/DTD.hs:185)
    scWrap (src/Text/XML/HXT/Arrow/Pickle/DTD.hs:210)
    scCont (src/Text/XML/HXT/Arrow/Pickle/DTD.hs:216)
    scConts (src/Text/XML/HXT/Arrow/Pickle/DTD.hs:226)
    scAttrToXml (src/Text/XML/HXT/Arrow/Pickle/DTD.hs:229)
    checkErr (src/Text/XML/HXT/Arrow/Pickle/DTD.hs:259)
    foundErr (src/Text/XML/HXT/Arrow/Pickle/DTD.hs:263)
    elementDeclarations (src/Text/XML/HXT/Arrow/Pickle/DTD.hs:279)
    elementDecs (src/Text/XML/HXT/Arrow/Pickle/DTD.hs:282)
    elemNames (src/Text/XML/HXT/Arrow/Pickle/DTD.hs:296)
    elemName (src/Text/XML/HXT/Arrow/Pickle/DTD.hs:299)
    elemRefs (src/Text/XML/HXT/Arrow/Pickle/DTD.hs:303)
    attrDec (src/Text/XML/HXT/Arrow/Pickle/DTD.hs:314)
    remAttrDec (src/Text/XML/HXT/Arrow/Pickle/DTD.hs:323)
  73% ( 61 / 83) in 'Text.XML.HXT.Arrow.Pickle'
  Missing documentation for:
    PU (src/Text/XML/HXT/Arrow/Pickle/Xml.hs:104)
    xp8Tuple (src/Text/XML/HXT/Arrow/Pickle/Xml.hs:557)
    xp9Tuple (src/Text/XML/HXT/Arrow/Pickle/Xml.hs:565)
    xp10Tuple (src/Text/XML/HXT/Arrow/Pickle/Xml.hs:573)
    xp11Tuple (src/Text/XML/HXT/Arrow/Pickle/Xml.hs:582)
    xp12Tuple (src/Text/XML/HXT/Arrow/Pickle/Xml.hs:591)
    xp13Tuple (src/Text/XML/HXT/Arrow/Pickle/Xml.hs:600)
    xp14Tuple (src/Text/XML/HXT/Arrow/Pickle/Xml.hs:609)
    xp15Tuple (src/Text/XML/HXT/Arrow/Pickle/Xml.hs:618)
    xp16Tuple (src/Text/XML/HXT/Arrow/Pickle/Xml.hs:628)
    xp17Tuple (src/Text/XML/HXT/Arrow/Pickle/Xml.hs:638)
    xp18Tuple (src/Text/XML/HXT/Arrow/Pickle/Xml.hs:648)
    xp19Tuple (src/Text/XML/HXT/Arrow/Pickle/Xml.hs:658)
    xp20Tuple (src/Text/XML/HXT/Arrow/Pickle/Xml.hs:668)
    xp21Tuple (src/Text/XML/HXT/Arrow/Pickle/Xml.hs:679)
    xp22Tuple (src/Text/XML/HXT/Arrow/Pickle/Xml.hs:690)
    xp23Tuple (src/Text/XML/HXT/Arrow/Pickle/Xml.hs:701)
    xpAttrFixed (src/Text/XML/HXT/Arrow/Pickle/Xml.hs:1060)
    xpLift (src/Text/XML/HXT/Arrow/Pickle/Xml.hs:404)
    xpLiftEither (src/Text/XML/HXT/Arrow/Pickle/Xml.hs:420)
    Schemas (src/Text/XML/HXT/Arrow/Pickle/Schema.hs:57)
    DataTypeDescr (src/Text/XML/HXT/Arrow/Pickle/Schema.hs:59)
 100% ( 17 / 17) in 'Text.XML.HXT.Core'
Warning: Text.XML.HXT.DOM.ShowXml: could not find link destinations for:
    StringFct
Warning: Text.XML.HXT.Arrow.Namespace: could not find link destinations for:
    propagateNamespaceEnv
Warning: Text.XML.HXT.Parser.XmlDTDParser: could not find link destinations for:
    SParser
Documentation created:
.stack-work/dist/x86_64-osx/Cabal-2.2.0.1/doc/html/hxt/index.html,
.stack-work/dist/x86_64-osx/Cabal-2.2.0.1/doc/html/hxt/hxt.txt
Installing library in /Users/harry/.stack/snapshots/x86_64-osx/lts-12.2/8.4.3/lib/x86_64-osx-ghc-8.4.3/hxt-9.3.1.16-IjMVqxiQoSQ5GycdoPbQ7E
Registering library for hxt-9.3.1.16..
