Configuring regex-pcre-builtin-0.94.4.8.8.35...
Preprocessing library for regex-pcre-builtin-0.94.4.8.8.35..
Building library for regex-pcre-builtin-0.94.4.8.8.35..
[1 of 6] Compiling Text.Regex.PCRE.Wrap ( .stack-work/dist/x86_64-osx/Cabal-2.2.0.1/build/Text/Regex/PCRE/Wrap.hs, .stack-work/dist/x86_64-osx/Cabal-2.2.0.1/build/Text/Regex/PCRE/Wrap.o )

[;1mText/Regex/PCRE/Wrap.hsc:217:5: [;1m[35mwarning:[0m[0m[;1m [[;1m[35m-Wunused-do-bind[0m[0m[;1m][0m[0m[;1m
    A do-notation statement discarded a result of type ‘CInt’
    Suppress this warning by saying
      ‘_ <- c_pcre_fullinfo pcre_ptr nullPtr pcreInfoCapturecount st’[0m[0m
[;1m[34m    |[0m[0m
[;1m[34m217 |[0m[0m     [;1m[35mc_pcre_fullinfo pcre_ptr nullPtr pcreInfoCapturecount st[0m[0m
[;1m[34m    |[0m[0m[;1m[35m     ^^^^^^^^^^^^^^^^^^^^^^^^^^^^^^^^^^^^^^^^^^^^^^^^^^^^^^^^[0m[0m
[0m[0m[0m
[;1mText/Regex/PCRE/Wrap.hsc:340:5: [;1m[35mwarning:[0m[0m[;1m [[;1m[35m-Wunused-do-bind[0m[0m[;1m][0m[0m[;1m
    A do-notation statement discarded a result of type ‘CInt’
    Suppress this warning by saying
      ‘_ <- c_pcre_config pcreConfigUtf8 ptrVal’[0m[0m
[;1m[34m    |[0m[0m
[;1m[34m340 |[0m[0m     [;1m[35mc_pcre_config pcreConfigUtf8 ptrVal[0m[0m
[;1m[34m    |[0m[0m[;1m[35m     ^^^^^^^^^^^^^^^^^^^^^^^^^^^^^^^^^^^[0m[0m
[0m[0m[0m[2 of 6] Compiling Text.Regex.PCRE.String ( Text/Regex/PCRE/String.hs, .stack-work/dist/x86_64-osx/Cabal-2.2.0.1/build/Text/Regex/PCRE/String.o )
[3 of 6] Compiling Text.Regex.PCRE.Sequence ( Text/Regex/PCRE/Sequence.hs, .stack-work/dist/x86_64-osx/Cabal-2.2.0.1/build/Text/Regex/PCRE/Sequence.o )
[4 of 6] Compiling Text.Regex.PCRE.ByteString ( Text/Regex/PCRE/ByteString.hs, .stack-work/dist/x86_64-osx/Cabal-2.2.0.1/build/Text/Regex/PCRE/ByteString.o )
[5 of 6] Compiling Text.Regex.PCRE.ByteString.Lazy ( Text/Regex/PCRE/ByteString/Lazy.hs, .stack-work/dist/x86_64-osx/Cabal-2.2.0.1/build/Text/Regex/PCRE/ByteString/Lazy.o )
[6 of 6] Compiling Text.Regex.PCRE  ( Text/Regex/PCRE.hs, .stack-work/dist/x86_64-osx/Cabal-2.2.0.1/build/Text/Regex/PCRE.o )

[;1mText/Regex/PCRE.hs:61:13: [;1m[35mwarning:[0m[0m[;1m [[;1m[35m-Wdeprecations[0m[0m[;1m][0m[0m[;1m
    In the use of ‘versionTags’ (imported from Data.Version):
    Deprecated: "See GHC ticket #2496"[0m[0m
[;1m[34m   |[0m[0m
[;1m[34m61 |[0m[0m           , [;1m[35mversionTags[0m[0m = ["unstable"]
[;1m[34m   |[0m[0m[;1m[35m             ^^^^^^^^^^^[0m[0m
[0m[0m[0m/Library/Developer/CommandLineTools/usr/bin/ranlib: file: .stack-work/dist/x86_64-osx/Cabal-2.2.0.1/build/objs-7552/libHSregex-pcre-builtin-0.94.4.8.8.35-4ib8bRBFvEJ8ahnqsKRdrB.a(pcre_string_utils.o) has no symbols
ignoring (possibly broken) abi-depends field for packages
Preprocessing library for regex-pcre-builtin-0.94.4.8.8.35..
Running Haddock on library for regex-pcre-builtin-0.94.4.8.8.35..

Text/Regex/PCRE/Wrap.hsc:217:5: warning: [-Wunused-do-bind]
    A do-notation statement discarded a result of type ‘CInt’
    Suppress this warning by saying
      ‘_ <- c_pcre_fullinfo pcre_ptr nullPtr pcreInfoCapturecount st’
    |
217 |     c_pcre_fullinfo pcre_ptr nullPtr pcreInfoCapturecount st
    |     ^^^^^^^^^^^^^^^^^^^^^^^^^^^^^^^^^^^^^^^^^^^^^^^^^^^^^^^^

Text/Regex/PCRE/Wrap.hsc:340:5: warning: [-Wunused-do-bind]
    A do-notation statement discarded a result of type ‘CInt’
    Suppress this warning by saying
      ‘_ <- c_pcre_config pcreConfigUtf8 ptrVal’
    |
340 |     c_pcre_config pcreConfigUtf8 ptrVal
    |     ^^^^^^^^^^^^^^^^^^^^^^^^^^^^^^^^^^^

Text/Regex/PCRE.hs:61:13: warning: [-Wdeprecations]
    In the use of ‘versionTags’ (imported from Data.Version):
    Deprecated: "See GHC ticket #2496"
   |
61 |           , versionTags = ["unstable"]
   |             ^^^^^^^^^^^
Haddock coverage:
  22% ( 12 / 54) in 'Text.Regex.PCRE.Wrap'
  Missing documentation for:
    CompOption (Text/Regex/PCRE/Wrap.hsc:101)
    ExecOption (Text/Regex/PCRE/Wrap.hsc:102)
    =~ (Text/Regex/PCRE/Wrap.hsc:135)
    =~~ (Text/Regex/PCRE/Wrap.hsc:137)
    StartOffset (Text/Regex/PCRE/Wrap.hsc:97)
    EndOffset (Text/Regex/PCRE/Wrap.hsc:98)
    ReturnCode (Text/Regex/PCRE/Wrap.hsc:103)
    WrapError (Text/Regex/PCRE/Wrap.hsc:99)
    wrapTest (Text/Regex/PCRE/Wrap.hsc:117)
    wrapCount (Text/Regex/PCRE/Wrap.hsc:130)
    configUTF8 (Text/Regex/PCRE/Wrap.hsc:133)
    getNumSubs (Text/Regex/PCRE/Wrap.hsc:132)
    unusedOffset (Text/Regex/PCRE/Wrap.hsc:110)
    compBlank (Text/Regex/PCRE/Wrap.hsc:108)
    compAnchored (Text/Regex/PCRE/Wrap.hsc:361)
    compAutoCallout (Text/Regex/PCRE/Wrap.hsc:363)
    compCaseless (Text/Regex/PCRE/Wrap.hsc:365)
    compDollarEndOnly (Text/Regex/PCRE/Wrap.hsc:367)
    compDotAll (Text/Regex/PCRE/Wrap.hsc:369)
    compExtended (Text/Regex/PCRE/Wrap.hsc:371)
    compExtra (Text/Regex/PCRE/Wrap.hsc:373)
    compFirstLine (Text/Regex/PCRE/Wrap.hsc:375)
    compMultiline (Text/Regex/PCRE/Wrap.hsc:377)
    compNoAutoCapture (Text/Regex/PCRE/Wrap.hsc:379)
    compUngreedy (Text/Regex/PCRE/Wrap.hsc:381)
    compUTF8 (Text/Regex/PCRE/Wrap.hsc:383)
    compNoUTF8Check (Text/Regex/PCRE/Wrap.hsc:385)
    execBlank (Text/Regex/PCRE/Wrap.hsc:109)
    execAnchored (Text/Regex/PCRE/Wrap.hsc:376)
    execNotBOL (Text/Regex/PCRE/Wrap.hsc:378)
    execNotEOL (Text/Regex/PCRE/Wrap.hsc:380)
    execNotEmpty (Text/Regex/PCRE/Wrap.hsc:382)
    execNoUTF8Check (Text/Regex/PCRE/Wrap.hsc:384)
    execPartial (Text/Regex/PCRE/Wrap.hsc:386)
    retOk (Text/Regex/PCRE/Wrap.hsc:111)
    retNoMatch (Text/Regex/PCRE/Wrap.hsc:384)
    retNull (Text/Regex/PCRE/Wrap.hsc:386)
    retBadOption (Text/Regex/PCRE/Wrap.hsc:388)
    retBadMagic (Text/Regex/PCRE/Wrap.hsc:390)
    retUnknownNode (Text/Regex/PCRE/Wrap.hsc:392)
    retNoMemory (Text/Regex/PCRE/Wrap.hsc:394)
    retNoSubstring (Text/Regex/PCRE/Wrap.hsc:396)
  33% ( 13 / 39) in 'Text.Regex.PCRE.String'
  Missing documentation for:
    CompOption (Text/Regex/PCRE/Wrap.hsc:101)
    ExecOption (Text/Regex/PCRE/Wrap.hsc:102)
    ReturnCode (Text/Regex/PCRE/Wrap.hsc:103)
    WrapError (Text/Regex/PCRE/Wrap.hsc:99)
    unusedOffset (Text/Regex/PCRE/Wrap.hsc:110)
    compBlank (Text/Regex/PCRE/Wrap.hsc:108)
    compAnchored (Text/Regex/PCRE/Wrap.hsc:361)
    compAutoCallout (Text/Regex/PCRE/Wrap.hsc:363)
    compCaseless (Text/Regex/PCRE/Wrap.hsc:365)
    compDollarEndOnly (Text/Regex/PCRE/Wrap.hsc:367)
    compDotAll (Text/Regex/PCRE/Wrap.hsc:369)
    compExtended (Text/Regex/PCRE/Wrap.hsc:371)
    compExtra (Text/Regex/PCRE/Wrap.hsc:373)
    compFirstLine (Text/Regex/PCRE/Wrap.hsc:375)
    compMultiline (Text/Regex/PCRE/Wrap.hsc:377)
    compNoAutoCapture (Text/Regex/PCRE/Wrap.hsc:379)
    compUngreedy (Text/Regex/PCRE/Wrap.hsc:381)
    compUTF8 (Text/Regex/PCRE/Wrap.hsc:383)
    compNoUTF8Check (Text/Regex/PCRE/Wrap.hsc:385)
    execBlank (Text/Regex/PCRE/Wrap.hsc:109)
    execAnchored (Text/Regex/PCRE/Wrap.hsc:376)
    execNotBOL (Text/Regex/PCRE/Wrap.hsc:378)
    execNotEOL (Text/Regex/PCRE/Wrap.hsc:380)
    execNotEmpty (Text/Regex/PCRE/Wrap.hsc:382)
    execNoUTF8Check (Text/Regex/PCRE/Wrap.hsc:384)
    execPartial (Text/Regex/PCRE/Wrap.hsc:386)
  33% ( 13 / 39) in 'Text.Regex.PCRE.Sequence'
  Missing documentation for:
    CompOption (Text/Regex/PCRE/Wrap.hsc:101)
    ExecOption (Text/Regex/PCRE/Wrap.hsc:102)
    ReturnCode (Text/Regex/PCRE/Wrap.hsc:103)
    WrapError (Text/Regex/PCRE/Wrap.hsc:99)
    unusedOffset (Text/Regex/PCRE/Wrap.hsc:110)
    compBlank (Text/Regex/PCRE/Wrap.hsc:108)
    compAnchored (Text/Regex/PCRE/Wrap.hsc:361)
    compAutoCallout (Text/Regex/PCRE/Wrap.hsc:363)
    compCaseless (Text/Regex/PCRE/Wrap.hsc:365)
    compDollarEndOnly (Text/Regex/PCRE/Wrap.hsc:367)
    compDotAll (Text/Regex/PCRE/Wrap.hsc:369)
    compExtended (Text/Regex/PCRE/Wrap.hsc:371)
    compExtra (Text/Regex/PCRE/Wrap.hsc:373)
    compFirstLine (Text/Regex/PCRE/Wrap.hsc:375)
    compMultiline (Text/Regex/PCRE/Wrap.hsc:377)
    compNoAutoCapture (Text/Regex/PCRE/Wrap.hsc:379)
    compUngreedy (Text/Regex/PCRE/Wrap.hsc:381)
    compUTF8 (Text/Regex/PCRE/Wrap.hsc:383)
    compNoUTF8Check (Text/Regex/PCRE/Wrap.hsc:385)
    execBlank (Text/Regex/PCRE/Wrap.hsc:109)
    execAnchored (Text/Regex/PCRE/Wrap.hsc:376)
    execNotBOL (Text/Regex/PCRE/Wrap.hsc:378)
    execNotEOL (Text/Regex/PCRE/Wrap.hsc:380)
    execNotEmpty (Text/Regex/PCRE/Wrap.hsc:382)
    execNoUTF8Check (Text/Regex/PCRE/Wrap.hsc:384)
    execPartial (Text/Regex/PCRE/Wrap.hsc:386)
  31% ( 12 / 39) in 'Text.Regex.PCRE.ByteString'
  Missing documentation for:
    CompOption (Text/Regex/PCRE/Wrap.hsc:101)
    ExecOption (Text/Regex/PCRE/Wrap.hsc:102)
    ReturnCode (Text/Regex/PCRE/Wrap.hsc:103)
    WrapError (Text/Regex/PCRE/Wrap.hsc:99)
    unusedOffset (Text/Regex/PCRE/Wrap.hsc:110)
    regexec (Text/Regex/PCRE/ByteString.hs:125)
    compBlank (Text/Regex/PCRE/Wrap.hsc:108)
    compAnchored (Text/Regex/PCRE/Wrap.hsc:361)
    compAutoCallout (Text/Regex/PCRE/Wrap.hsc:363)
    compCaseless (Text/Regex/PCRE/Wrap.hsc:365)
    compDollarEndOnly (Text/Regex/PCRE/Wrap.hsc:367)
    compDotAll (Text/Regex/PCRE/Wrap.hsc:369)
    compExtended (Text/Regex/PCRE/Wrap.hsc:371)
    compExtra (Text/Regex/PCRE/Wrap.hsc:373)
    compFirstLine (Text/Regex/PCRE/Wrap.hsc:375)
    compMultiline (Text/Regex/PCRE/Wrap.hsc:377)
    compNoAutoCapture (Text/Regex/PCRE/Wrap.hsc:379)
    compUngreedy (Text/Regex/PCRE/Wrap.hsc:381)
    compUTF8 (Text/Regex/PCRE/Wrap.hsc:383)
    compNoUTF8Check (Text/Regex/PCRE/Wrap.hsc:385)
    execBlank (Text/Regex/PCRE/Wrap.hsc:109)
    execAnchored (Text/Regex/PCRE/Wrap.hsc:376)
    execNotBOL (Text/Regex/PCRE/Wrap.hsc:378)
    execNotEOL (Text/Regex/PCRE/Wrap.hsc:380)
    execNotEmpty (Text/Regex/PCRE/Wrap.hsc:382)
    execNoUTF8Check (Text/Regex/PCRE/Wrap.hsc:384)
    execPartial (Text/Regex/PCRE/Wrap.hsc:386)
  31% ( 12 / 39) in 'Text.Regex.PCRE.ByteString.Lazy'
  Missing documentation for:
    CompOption (Text/Regex/PCRE/Wrap.hsc:101)
    ExecOption (Text/Regex/PCRE/Wrap.hsc:102)
    ReturnCode (Text/Regex/PCRE/Wrap.hsc:103)
    WrapError (Text/Regex/PCRE/Wrap.hsc:99)
    unusedOffset (Text/Regex/PCRE/Wrap.hsc:110)
    regexec (Text/Regex/PCRE/ByteString/Lazy.hs:129)
    compBlank (Text/Regex/PCRE/Wrap.hsc:108)
    compAnchored (Text/Regex/PCRE/Wrap.hsc:361)
    compAutoCallout (Text/Regex/PCRE/Wrap.hsc:363)
    compCaseless (Text/Regex/PCRE/Wrap.hsc:365)
    compDollarEndOnly (Text/Regex/PCRE/Wrap.hsc:367)
    compDotAll (Text/Regex/PCRE/Wrap.hsc:369)
    compExtended (Text/Regex/PCRE/Wrap.hsc:371)
    compExtra (Text/Regex/PCRE/Wrap.hsc:373)
    compFirstLine (Text/Regex/PCRE/Wrap.hsc:375)
    compMultiline (Text/Regex/PCRE/Wrap.hsc:377)
    compNoAutoCapture (Text/Regex/PCRE/Wrap.hsc:379)
    compUngreedy (Text/Regex/PCRE/Wrap.hsc:381)
    compUTF8 (Text/Regex/PCRE/Wrap.hsc:383)
    compNoUTF8Check (Text/Regex/PCRE/Wrap.hsc:385)
    execBlank (Text/Regex/PCRE/Wrap.hsc:109)
    execAnchored (Text/Regex/PCRE/Wrap.hsc:376)
    execNotBOL (Text/Regex/PCRE/Wrap.hsc:378)
    execNotEOL (Text/Regex/PCRE/Wrap.hsc:380)
    execNotEmpty (Text/Regex/PCRE/Wrap.hsc:382)
    execNoUTF8Check (Text/Regex/PCRE/Wrap.hsc:384)
    execPartial (Text/Regex/PCRE/Wrap.hsc:386)
  15% (  5 / 34) in 'Text.Regex.PCRE'
  Missing documentation for:
    getVersion_Text_Regex_PCRE (Text/Regex/PCRE.hs:58)
    ExecOption (Text/Regex/PCRE/Wrap.hsc:102)
    CompOption (Text/Regex/PCRE/Wrap.hsc:101)
    =~ (Text/Regex/PCRE/Wrap.hsc:135)
    =~~ (Text/Regex/PCRE/Wrap.hsc:137)
    compBlank (Text/Regex/PCRE/Wrap.hsc:108)
    execBlank (Text/Regex/PCRE/Wrap.hsc:109)
    unusedOffset (Text/Regex/PCRE/Wrap.hsc:110)
    getNumSubs (Text/Regex/PCRE/Wrap.hsc:132)
    configUTF8 (Text/Regex/PCRE/Wrap.hsc:133)
    compAnchored (Text/Regex/PCRE/Wrap.hsc:361)
    compAutoCallout (Text/Regex/PCRE/Wrap.hsc:363)
    compCaseless (Text/Regex/PCRE/Wrap.hsc:365)
    compDollarEndOnly (Text/Regex/PCRE/Wrap.hsc:367)
    compDotAll (Text/Regex/PCRE/Wrap.hsc:369)
    compExtended (Text/Regex/PCRE/Wrap.hsc:371)
    compExtra (Text/Regex/PCRE/Wrap.hsc:373)
    compFirstLine (Text/Regex/PCRE/Wrap.hsc:375)
    compMultiline (Text/Regex/PCRE/Wrap.hsc:377)
    compNoAutoCapture (Text/Regex/PCRE/Wrap.hsc:379)
    compUngreedy (Text/Regex/PCRE/Wrap.hsc:381)
    compUTF8 (Text/Regex/PCRE/Wrap.hsc:383)
    compNoUTF8Check (Text/Regex/PCRE/Wrap.hsc:385)
    execAnchored (Text/Regex/PCRE/Wrap.hsc:376)
    execNotBOL (Text/Regex/PCRE/Wrap.hsc:378)
    execNotEOL (Text/Regex/PCRE/Wrap.hsc:380)
    execNotEmpty (Text/Regex/PCRE/Wrap.hsc:382)
    execNoUTF8Check (Text/Regex/PCRE/Wrap.hsc:384)
    execPartial (Text/Regex/PCRE/Wrap.hsc:386)
Documentation created:
.stack-work/dist/x86_64-osx/Cabal-2.2.0.1/doc/html/regex-pcre-builtin/index.html,
.stack-work/dist/x86_64-osx/Cabal-2.2.0.1/doc/html/regex-pcre-builtin/regex-pcre-builtin.txt
Installing library in /Users/harry/.stack/snapshots/x86_64-osx/lts-12.2/8.4.3/lib/x86_64-osx-ghc-8.4.3/regex-pcre-builtin-0.94.4.8.8.35-4ib8bRBFvEJ8ahnqsKRdrB
Registering library for regex-pcre-builtin-0.94.4.8.8.35..
