Configuring regex-base-0.93.2...
Preprocessing library for regex-base-0.93.2..
Building library for regex-base-0.93.2..
[1 of 4] Compiling Text.Regex.Base.RegexLike ( Text/Regex/Base/RegexLike.hs, .stack-work/dist/x86_64-osx/Cabal-2.2.0.1/build/Text/Regex/Base/RegexLike.o )
[2 of 4] Compiling Text.Regex.Base.Context ( Text/Regex/Base/Context.hs, .stack-work/dist/x86_64-osx/Cabal-2.2.0.1/build/Text/Regex/Base/Context.o )
[3 of 4] Compiling Text.Regex.Base  ( Text/Regex/Base.hs, .stack-work/dist/x86_64-osx/Cabal-2.2.0.1/build/Text/Regex/Base.o )

[;1mText/Regex/Base.hs:55:13: [;1m[35mwarning:[0m[0m[;1m [[;1m[35m-Wdeprecations[0m[0m[;1m][0m[0m[;1m
    In the use of ‘versionTags’ (imported from Data.Version):
    Deprecated: "See GHC ticket #2496"[0m[0m
[;1m[34m   |[0m[0m
[;1m[34m55 |[0m[0m           , [;1m[35mversionTags[0m[0m = ["unstable"]
[;1m[34m   |[0m[0m[;1m[35m             ^^^^^^^^^^^[0m[0m
[0m[0m[0m[4 of 4] Compiling Text.Regex.Base.Impl ( Text/Regex/Base/Impl.hs, .stack-work/dist/x86_64-osx/Cabal-2.2.0.1/build/Text/Regex/Base/Impl.o )
ignoring (possibly broken) abi-depends field for packages
Preprocessing library for regex-base-0.93.2..
Running Haddock on library for regex-base-0.93.2..

Text/Regex/Base.hs:55:13: warning: [-Wdeprecations]
    In the use of ‘versionTags’ (imported from Data.Version):
    Deprecated: "See GHC ticket #2496"
   |
55 |           , versionTags = ["unstable"]
   |             ^^^^^^^^^^^
Haddock coverage:
  94% ( 17 / 18) in 'Text.Regex.Base.RegexLike'
  Missing documentation for:
    MatchText (Text/Regex/Base/RegexLike.hs:55)
 100% (  1 /  1) in 'Text.Regex.Base.Context'
  75% (  3 /  4) in 'Text.Regex.Base'
  Missing documentation for:
    getVersion_Text_Regex_Base (Text/Regex/Base.hs:52)
  33% (  1 /  3) in 'Text.Regex.Base.Impl'
  Missing documentation for:
    polymatch (Text/Regex/Base/Impl.hs:50)
    polymatchM (Text/Regex/Base/Impl.hs:56)
Documentation created:
.stack-work/dist/x86_64-osx/Cabal-2.2.0.1/doc/html/regex-base/index.html,
.stack-work/dist/x86_64-osx/Cabal-2.2.0.1/doc/html/regex-base/regex-base.txt
Installing library in /Users/harry/.stack/snapshots/x86_64-osx/lts-12.2/8.4.3/lib/x86_64-osx-ghc-8.4.3/regex-base-0.93.2-98bD2PeVUkV8MO804tnXmq
Registering library for regex-base-0.93.2..
