Configuring SHA-1.6.4.4...
Preprocessing library for SHA-1.6.4.4..
Building library for SHA-1.6.4.4..
[1 of 1] Compiling Data.Digest.Pure.SHA ( src/Data/Digest/Pure/SHA.hs, .stack-work/dist/x86_64-osx/Cabal-2.2.0.1/build/Data/Digest/Pure/SHA.o )
ignoring (possibly broken) abi-depends field for packages
Preprocessing library for SHA-1.6.4.4..
Running Haddock on library for SHA-1.6.4.4..
Haddock coverage:
  62% ( 24 / 39) in 'Data.Digest.Pure.SHA'
  Missing documentation for:
    SHA1State (src/Data/Digest/Pure/SHA.hs:76)
    SHA256State (src/Data/Digest/Pure/SHA.hs:81)
    SHA512State (src/Data/Digest/Pure/SHA.hs:92)
    completeSha1Incremental (src/Data/Digest/Pure/SHA.hs:1002)
    completeSha224Incremental (src/Data/Digest/Pure/SHA.hs:1022)
    completeSha256Incremental (src/Data/Digest/Pure/SHA.hs:1042)
    completeSha384Incremental (src/Data/Digest/Pure/SHA.hs:1060)
    completeSha512Incremental (src/Data/Digest/Pure/SHA.hs:1079)
    toBigEndianSBS (src/Data/Digest/Pure/SHA.hs:259)
    fromBigEndianSBS (src/Data/Digest/Pure/SHA.hs:264)
    calc_k (src/Data/Digest/Pure/SHA.hs:251)
    padSHA1 (src/Data/Digest/Pure/SHA.hs:215)
    padSHA512 (src/Data/Digest/Pure/SHA.hs:221)
    padSHA1Chunks (src/Data/Digest/Pure/SHA.hs:218)
    padSHA512Chunks (src/Data/Digest/Pure/SHA.hs:224)
Documentation created:
.stack-work/dist/x86_64-osx/Cabal-2.2.0.1/doc/html/SHA/index.html,
.stack-work/dist/x86_64-osx/Cabal-2.2.0.1/doc/html/SHA/SHA.txt
Installing library in /Users/harry/.stack/snapshots/x86_64-osx/lts-12.2/8.4.3/lib/x86_64-osx-ghc-8.4.3/SHA-1.6.4.4-J97i4k52krALB5u9VxmQ73
Registering library for SHA-1.6.4.4..
